5.76163 5.48495 5.85417 0.0351717 0.0161921 -0.0237069 -4.51884e+06 -4.51884e+06 -4.51884e+06 -4.51884e+06 -4.51884e+06 -4.51884e+06
5.22376 5.44101 5.29906 0.036905 -0.0083846 -0.00756362 -4.51884e+06 -4.51884e+06 -4.51884e+06 -4.51884e+06 -4.51884e+06 -4.51884e+06
5.65682 5.66123 5.5562 0.0214352 0.0118498 0.0169338 -4.51884e+06 -4.51884e+06 -4.51884e+06 -4.51884e+06 -4.51884e+06 -4.51884e+06
5.13536 5.44977 5.31862 0.0051338 0.00491399 -0.00789919 -4.51884e+06 -4.51884e+06 -4.51884e+06 -4.51884e+06 -4.51884e+06 -4.51884e+06
5.80392 5.53599 5.73991 -0.0108205 -0.0278753 0.0197331 -4.51884e+06 -4.51884e+06 -4.51884e+06 -4.51884e+06 -4.51884e+06 -4.51884e+06
5.4582 5.78343 5.58215 0.000244896 0.0297676 0.00146821 -4.51884e+06 -4.51884e+06 -4.51884e+06 -4.51884e+06 -4.51884e+06 -4.51884e+06
5.49681 5.39363 5.48194 0.00578707 -0.0217137 -0.0044975 -4.51884e+06 -4.51884e+06 -4.51884e+06 -4.51884e+06 -4.51884e+06 -4.51884e+06
5.15129 5.14928 5.1202 0.0147026 -0.0108373 0.00264008 -4.51884e+06 -4.51884e+06 -4.51884e+06 -4.51884e+06 -4.51884e+06 -4.51884e+06
5.61871 5.67349 5.48498 0.0028074 0.00921143 0.00553416 -4.51884e+06 -4.51884e+06 -4.51884e+06 -4.51884e+06 -4.51884e+06 -4.51884e+06
5.3061 5.48487 5.22909 -0.0223329 0.0372823 0.0107151 -4.51884e+06 -4.51884e+06 -4.51884e+06 -4.51884e+06 -4.51884e+06 -4.51884e+06
5.33131 5.37772 5.22066 -0.0216889 0.0025139 0.000947822 -4.51884e+06 -4.51884e+06 -4.51884e+06 -4.51884e+06 -4.51884e+06 -4.51884e+06
5.92946 5.86881 6.07267 0.0384339 0.0717464 0.0271581 -4.51884e+06 -4.51884e+06 -4.51884e+06 -4.51884e+06 -4.51884e+06 -4.51884e+06
5.42601 5.72691 5.68884 0.0035165 -0.00923033 -0.0102762 -4.51884e+06 -4.51884e+06 -4.51884e+06 -4.51884e+06 -4.51884e+06 -4.51884e+06
4.58769 4.58829 4.58619 0.000122077 -8.19386e-05 0.000132531 -4.51884e+06 -4.51884e+06 -4.51884e+06 -4.51884e+06 -4.51884e+06 -4.51884e+06
4.58701 4.58765 4.58672 3.83677e-05 3.6742e-06 -4.46478e-05 -4.51884e+06 -4.51884e+06 -4.51884e+06 -4.51884e+06 -4.51884e+06 -4.51884e+06
5.33676 5.35796 5.39997 0.00689746 -0.0210315 -0.0271572 -4.51884e+06 -4.51884e+06 -4.51884e+06 -4.51884e+06 -4.51884e+06 -4.51884e+06
5.27087 5.14054 5.24142 0.00482645 -0.0190388 0.00191746 -4.51884e+06 -4.51884e+06 -4.51884e+06 -4.51884e+06 -4.51884e+06 -4.51884e+06
5.71404 5.57201 6.11614 -0.0468064 0.0271606 -0.0609977 -4.51884e+06 -4.51884e+06 -4.51884e+06 -4.51884e+06 -4.51884e+06 -4.51884e+06
4.58637 4.58818 4.58835 -4.73519e-05 0.000133169 0.000120632 -4.51884e+06 -4.51884e+06 -4.51884e+06 -4.51884e+06 -4.51884e+06 -4.51884e+06
4.58645 4.5881 4.58719 8.58104e-06 4.42489e-05 3.28381e-05 -4.51884e+06 -4.51884e+06 -4.51884e+06 -4.51884e+06 -4.51884e+06 -4.51884e+06
5.30512 5.42934 5.26612 -0.0198118 0.0455641 -0.00317111 -4.51884e+06 -4.51884e+06 -4.51884e+06 -4.51884e+06 -4.51884e+06 -4.51884e+06
6.12862 5.85151 5.78255 -0.0178572 0.0650985 0.0236901 -4.51884e+06 -4.51884e+06 -4.51884e+06 -4.51884e+06 -4.51884e+06 -4.51884e+06
5.3514 5.33888 5.376 -0.0159967 -0.00359022 0.00605733 -4.51884e+06 -4.51884e+06 -4.51884e+06 -4.51884e+06 -4.51884e+06 -4.51884e+06
5.2537 5.2877 5.29157 0.00495422 -0.00637891 0.00825757 -4.51884e+06 -4.51884e+06 -4.51884e+06 -4.51884e+06 -4.51884e+06 -4.51884e+06
5.9071 5.73871 5.92642 0.0129496 0.00482093 -0.00318112 -4.51884e+06 -4.51884e+06 -4.51884e+06 -4.51884e+06 -4.51884e+06 -4.51884e+06
