1.27502 1.2138 1.2955 0.00778335 0.00358325 -0.00524623 -1e+06 -1e+06 -1e+06 -1e+06 -1e+06 -1e+06
1.156 1.20407 1.17266 0.00816693 -0.00185548 -0.0016738 -1e+06 -1e+06 -1e+06 -1e+06 -1e+06 -1e+06
1.25183 1.25281 1.22956 0.00474352 0.00262231 0.00374739 -1e+06 -1e+06 -1e+06 -1e+06 -1e+06 -1e+06
1.13643 1.20601 1.17699 0.00113609 0.00108745 -0.00174806 -1e+06 -1e+06 -1e+06 -1e+06 -1e+06 -1e+06
1.28438 1.22509 1.27022 -0.00239453 -0.00616868 0.00436686 -1e+06 -1e+06 -1e+06 -1e+06 -1e+06 -1e+06
1.20788 1.27985 1.23531 5.41946e-05 0.00658745 0.000324908 -1e+06 -1e+06 -1e+06 -1e+06 -1e+06 -1e+06
1.21642 1.19359 1.21313 0.00128065 -0.00480514 -0.000995278 -1e+06 -1e+06 -1e+06 -1e+06 -1e+06 -1e+06
1.13996 1.13951 1.13308 0.00325362 -0.00239824 0.00058424 -1e+06 -1e+06 -1e+06 -1e+06 -1e+06 -1e+06
1.2434 1.25552 1.2138 0.000621265 0.00203845 0.00122469 -1e+06 -1e+06 -1e+06 -1e+06 -1e+06 -1e+06
1.17422 1.21378 1.15718 -0.00494217 0.00825041 0.00237122 -1e+06 -1e+06 -1e+06 -1e+06 -1e+06 -1e+06
1.1798 1.19007 1.15531 -0.00479966 0.000556316 0.000209749 -1e+06 -1e+06 -1e+06 -1e+06 -1e+06 -1e+06
1.31217 1.29874 1.34386 0.00850527 0.0158772 0.00600998 -1e+06 -1e+06 -1e+06 -1e+06 -1e+06 -1e+06
1.20075 1.26734 1.25892 0.000778186 -0.00204263 -0.00227409 -1e+06 -1e+06 -1e+06 -1e+06 -1e+06 -1e+06
1.01524 1.01537 1.0149 2.70152e-05 -1.81327e-05 2.93287e-05 -1e+06 -1e+06 -1e+06 -1e+06 -1e+06 -1e+06
1.01509 1.01523 1.01502 8.49061e-06 8.13086e-07 -9.88037e-06 -1e+06 -1e+06 -1e+06 -1e+06 -1e+06 -1e+06
1.181 1.1857 1.19499 0.00152638 -0.00465419 -0.00600977 -1e+06 -1e+06 -1e+06 -1e+06 -1e+06 -1e+06
1.16642 1.13758 1.1599 0.00106807 -0.00421322 0.000424327 -1e+06 -1e+06 -1e+06 -1e+06 -1e+06 -1e+06
1.26449 1.23306 1.35348 -0.0103581 0.00601054 -0.0134985 -1e+06 -1e+06 -1e+06 -1e+06 -1e+06 -1e+06
1.01494 1.01534 1.01538 -1.04788e-05 2.94698e-05 2.66953e-05 -1e+06 -1e+06 -1e+06 -1e+06 -1e+06 -1e+06
1.01496 1.01533 1.01513 1.89895e-06 9.7921e-06 7.26693e-06 -1e+06 -1e+06 -1e+06 -1e+06 -1e+06 -1e+06
1.174 1.20149 1.16537 -0.00438426 0.0100831 -0.000701753 -1e+06 -1e+06 -1e+06 -1e+06 -1e+06 -1e+06
1.35624 1.29491 1.27965 -0.00395173 0.014406 0.00524252 -1e+06 -1e+06 -1e+06 -1e+06 -1e+06 -1e+06
1.18424 1.18147 1.18969 -0.00354001 -0.000794501 0.00134046 -1e+06 -1e+06 -1e+06 -1e+06 -1e+06 -1e+06
1.16262 1.17015 1.171 0.00109635 -0.00141163 0.00182737 -1e+06 -1e+06 -1e+06 -1e+06 -1e+06 -1e+06
1.30722 1.26995 1.31149 0.0028657 0.00106685 -0.000703969 -1e+06 -1e+06 -1e+06 -1e+06 -1e+06 -1e+06
