 Ag     Lattice_Constants: 4.1440 A
        Coherent Energy: -2.7166 eV
 Ag     C11:  112.26 GPa
        C12:   80.66 GPa
        C14:   41.86 GPa
        B:     91.19 GPa
 Ag     Formation_Energy_Vacancy: 0.7774 eV
 Ag     1th Formation_Energy_Divacancies: 1.5030 eV
 Ag     2th Formation_Energy_Divacancies: 1.5758 eV
 Ag     3th Formation_Energy_Divacancies: 1.5561 eV
 Ag     4th Formation_Energy_Divacancies: 1.5374 eV
 Ag     5th Formation_Energy_Divacancies: 1.5554 eV
 Ag     (1, 1, 0) Surface_Energy: 53.1088 meV/A^2
 Ag     (0, 0, 1) Surface_Energy: 50.2269 meV/A^2
 Ag     (1, 1, 1) Surface_Energy: 43.1544 meV/A^2
 Ag     (1, 1, 2) Surface_Energy: 51.1604 meV/A^2
 Al     Lattice_Constants: 4.0450 A
        Coherent Energy: -3.7425 eV
 Al     C11:  111.78 GPa
        C12:   54.94 GPa
        C14:   25.03 GPa
        B:     73.89 GPa
 Al     Formation_Energy_Vacancy: 0.5853 eV
 Al     1th Formation_Energy_Divacancies: 1.1866 eV
 Al     2th Formation_Energy_Divacancies: 1.1423 eV
 Al     3th Formation_Energy_Divacancies: 1.1678 eV
 Al     4th Formation_Energy_Divacancies: 1.1976 eV
 Al     5th Formation_Energy_Divacancies: 1.1789 eV
 Al     (1, 1, 0) Surface_Energy: 57.4913 meV/A^2
 Al     (0, 0, 1) Surface_Energy: 53.9864 meV/A^2
 Al     (1, 1, 1) Surface_Energy: 48.0375 meV/A^2
 Al     (1, 1, 2) Surface_Energy: 55.9286 meV/A^2
 Au     Lattice_Constants: 4.1530 A
        Coherent Energy: -3.2233 eV
 Au     C11:  160.35 GPa
        C12:  128.60 GPa
        C14:   29.19 GPa
        B:    139.18 GPa
 Au     Formation_Energy_Vacancy: 0.5446 eV
 Au     1th Formation_Energy_Divacancies: 1.1146 eV
 Au     2th Formation_Energy_Divacancies: 1.0951 eV
 Au     3th Formation_Energy_Divacancies: 1.0958 eV
 Au     4th Formation_Energy_Divacancies: 1.0859 eV
 Au     5th Formation_Energy_Divacancies: 1.0886 eV
 Au     (1, 1, 0) Surface_Energy: 55.3859 meV/A^2
 Au     (0, 0, 1) Surface_Energy: 53.3356 meV/A^2
 Au     (1, 1, 1) Surface_Energy: 44.0293 meV/A^2
 Au     (1, 1, 2) Surface_Energy: 51.7134 meV/A^2
 Cu     Lattice_Constants: 3.6310 A
        Coherent Energy: -3.7313 eV
 Cu     C11:  181.73 GPa
        C12:  125.02 GPa
        C14:   90.74 GPa
        B:    143.92 GPa
 Cu     Formation_Energy_Vacancy: 1.0856 eV
 Cu     1th Formation_Energy_Divacancies: 2.0879 eV
 Cu     2th Formation_Energy_Divacancies: 2.1949 eV
 Cu     3th Formation_Energy_Divacancies: 2.1639 eV
 Cu     4th Formation_Energy_Divacancies: 2.1312 eV
 Cu     5th Formation_Energy_Divacancies: 2.1676 eV
 Cu     (1, 1, 0) Surface_Energy: 94.5397 meV/A^2
 Cu     (0, 0, 1) Surface_Energy: 89.4287 meV/A^2
 Cu     (1, 1, 1) Surface_Energy: 77.4880 meV/A^2
 Cu     (1, 1, 2) Surface_Energy: 91.7722 meV/A^2
 Ni     Lattice_Constants: 3.5100 A
        Coherent Energy: -5.4092 eV
 Ni     C11:  274.02 GPa
        C12:  171.64 GPa
        C14:  111.07 GPa
        B:    205.76 GPa
 Ni     Formation_Energy_Vacancy: 1.5421 eV
 Ni     1th Formation_Energy_Divacancies: 2.9721 eV
 Ni     2th Formation_Energy_Divacancies: 3.0839 eV
 Ni     3th Formation_Energy_Divacancies: 3.0615 eV
 Ni     4th Formation_Energy_Divacancies: 3.0563 eV
 Ni     5th Formation_Energy_Divacancies: 3.0799 eV
 Ni     (1, 1, 0) Surface_Energy: 145.8790 meV/A^2
 Ni     (0, 0, 1) Surface_Energy: 135.9030 meV/A^2
 Ni     (1, 1, 1) Surface_Energy: 119.3465 meV/A^2
 Ni     (1, 1, 2) Surface_Energy: 140.5980 meV/A^2
 Pb     Lattice_Constants: 5.0390 A
        Coherent Energy: -3.5678 eV
 Pb     C11:   53.76 GPa
        C12:   38.73 GPa
        C14:   17.63 GPa
        B:     43.74 GPa
 Pb     Formation_Energy_Vacancy: 0.5130 eV
 Pb     1th Formation_Energy_Divacancies: 0.9814 eV
 Pb     2th Formation_Energy_Divacancies: 1.0328 eV
 Pb     3th Formation_Energy_Divacancies: 1.0341 eV
 Pb     4th Formation_Energy_Divacancies: 1.0318 eV
 Pb     5th Formation_Energy_Divacancies: 1.0215 eV
 Pb     (1, 1, 0) Surface_Energy: 19.8846 meV/A^2
 Pb     (0, 0, 1) Surface_Energy: 18.1212 meV/A^2
 Pb     (1, 1, 1) Surface_Energy: 15.6515 meV/A^2
 Pb     (1, 1, 2) Surface_Energy: 18.7080 meV/A^2
 Pd     Lattice_Constants: 3.9410 A
        Coherent Energy: -5.2190 eV
 Pd     C11:  214.61 GPa
        C12:  148.24 GPa
        C14:   66.86 GPa
        B:    170.36 GPa
 Pd     Formation_Energy_Vacancy: 1.2916 eV
 Pd     1th Formation_Energy_Divacancies: 2.5195 eV
 Pd     2th Formation_Energy_Divacancies: 2.5820 eV
 Pd     3th Formation_Energy_Divacancies: 2.5755 eV
 Pd     4th Formation_Energy_Divacancies: 2.5668 eV
 Pd     5th Formation_Energy_Divacancies: 2.5825 eV
 Pd     (1, 1, 0) Surface_Energy: 99.3013 meV/A^2
 Pd     (0, 0, 1) Surface_Energy: 94.8054 meV/A^2
 Pd     (1, 1, 1) Surface_Energy: 82.5178 meV/A^2
 Pd     (1, 1, 2) Surface_Energy: 96.8182 meV/A^2
 Pt     Lattice_Constants: 3.9690 A
        Coherent Energy: -6.1021 eV
 Pt     C11:  305.76 GPa
        C12:  219.17 GPa
        C14:   58.79 GPa
        B:    248.03 GPa
 Pt     Formation_Energy_Vacancy: 0.9863 eV
 Pt     1th Formation_Energy_Divacancies: 2.0596 eV
 Pt     2th Formation_Energy_Divacancies: 1.9872 eV
 Pt     3th Formation_Energy_Divacancies: 1.9915 eV
 Pt     4th Formation_Energy_Divacancies: 1.9348 eV
 Pt     5th Formation_Energy_Divacancies: 1.9847 eV
 Pt     (1, 1, 0) Surface_Energy: 114.3879 meV/A^2
 Pt     (0, 0, 1) Surface_Energy: 113.1027 meV/A^2
 Pt     (1, 1, 1) Surface_Energy: 92.1540 meV/A^2
 Pt     (1, 1, 2) Surface_Energy: 108.5446 meV/A^2
 Cr     Lattice_Constants: 2.8470 A
        Coherent Energy: -9.5097 eV
 Cr     C11:  500.67 GPa
        C12:  148.56 GPa
        C14:   64.30 GPa
        B:    265.93 GPa
 Cr     Formation_Energy_Vacancy: 2.6617 eV
 Cr     1th Formation_Energy_Divacancies: 5.0257 eV
 Cr     2th Formation_Energy_Divacancies: 5.2089 eV
 Cr     3th Formation_Energy_Divacancies: 5.3254 eV
 Cr     4th Formation_Energy_Divacancies: 5.2944 eV
 Cr     5th Formation_Energy_Divacancies: 5.3250 eV
 Cr     (1, 1, 0) Surface_Energy: 193.7405 meV/A^2
 Cr     (0, 0, 1) Surface_Energy: 226.3619 meV/A^2
 Cr     (1, 1, 1) Surface_Energy: 223.9938 meV/A^2
 Cr     (1, 1, 2) Surface_Energy: 216.1466 meV/A^2
 Mo     Lattice_Constants: 3.1630 A
        Coherent Energy: -10.9398 eV
 Mo     C11:  484.31 GPa
        C12:  166.88 GPa
        C14:   96.40 GPa
        B:    272.69 GPa
 Mo     Formation_Energy_Vacancy: 3.1698 eV
 Mo     1th Formation_Energy_Divacancies: 5.8030 eV
 Mo     2th Formation_Energy_Divacancies: 6.1017 eV
 Mo     3th Formation_Energy_Divacancies: 6.3213 eV
 Mo     4th Formation_Energy_Divacancies: 6.2556 eV
 Mo     5th Formation_Energy_Divacancies: 6.3733 eV
 Mo     (1, 1, 0) Surface_Energy: 166.1041 meV/A^2
 Mo     (0, 0, 1) Surface_Energy: 204.7127 meV/A^2
 Mo     (1, 1, 1) Surface_Energy: 194.2667 meV/A^2
 Mo     (1, 1, 2) Surface_Energy: 186.5992 meV/A^2
 Ta     Lattice_Constants: 3.3190 A
        Coherent Energy: -11.8206 eV
 Ta     C11:  290.41 GPa
        C12:  168.32 GPa
        C14:   63.93 GPa
        B:    209.02 GPa
 Ta     Formation_Energy_Vacancy: 2.7195 eV
 Ta     1th Formation_Energy_Divacancies: 5.1989 eV
 Ta     2th Formation_Energy_Divacancies: 5.3271 eV
 Ta     3th Formation_Energy_Divacancies: 5.5186 eV
 Ta     4th Formation_Energy_Divacancies: 5.3841 eV
 Ta     5th Formation_Energy_Divacancies: 5.5034 eV
 Ta     (1, 1, 0) Surface_Energy: 143.0317 meV/A^2
 Ta     (0, 0, 1) Surface_Energy: 172.2205 meV/A^2
 Ta     (1, 1, 1) Surface_Energy: 171.5959 meV/A^2
 Ta     (1, 1, 2) Surface_Energy: 165.6988 meV/A^2
 V      Lattice_Constants: 2.9980 A
        Coherent Energy: -8.9970 eV
 V      C11:  250.37 GPa
        C12:  118.92 GPa
        C14:    8.94 GPa
        B:    162.74 GPa
 V      Formation_Energy_Vacancy: 2.3427 eV
 V      1th Formation_Energy_Divacancies: 4.4517 eV
 V      2th Formation_Energy_Divacancies: 4.5866 eV
 V      3th Formation_Energy_Divacancies: 4.7312 eV
 V      4th Formation_Energy_Divacancies: 4.6471 eV
 V      5th Formation_Energy_Divacancies: 4.7034 eV
 V      (1, 1, 0) Surface_Energy: 148.1193 meV/A^2
 V      (0, 0, 1) Surface_Energy: 170.1502 meV/A^2
 V      (1, 1, 1) Surface_Energy: 172.4600 meV/A^2
 V      (1, 1, 2) Surface_Energy: 168.2670 meV/A^2
 W      Lattice_Constants: 3.1850 A
        Coherent Energy: -12.9470 eV
 W      C11:  526.79 GPa
        C12:  238.68 GPa
        C14:  106.69 GPa
        B:    334.72 GPa
 W      Formation_Energy_Vacancy: 3.2718 eV
 W      1th Formation_Energy_Divacancies: 6.1010 eV
 W      2th Formation_Energy_Divacancies: 6.4348 eV
 W      3th Formation_Energy_Divacancies: 6.5405 eV
 W      4th Formation_Energy_Divacancies: 6.4752 eV
 W      5th Formation_Energy_Divacancies: 6.5644 eV
 W      (1, 1, 0) Surface_Energy: 188.0290 meV/A^2
 W      (0, 0, 1) Surface_Energy: 239.7910 meV/A^2
 W      (1, 1, 1) Surface_Energy: 227.7621 meV/A^2
 W      (1, 1, 2) Surface_Energy: 215.6399 meV/A^2
 Mg     Lattice_Constants: a: 3.1950 A    c: 5.1860 A
        Coherent Energy: -1.5008 eV
 Mg     C11:   53.88 GPa
        C12:   78.16 GPa
        C14:   28.38 GPa
        B:     70.06 GPa
 Mg     Formation_Energy_Vacancy: 0.8747 eV
 Mg     1th Formation_Energy_Divacancies: 1.6521 eV
 Mg     2th Formation_Energy_Divacancies: 1.6586 eV
 Mg     3th Formation_Energy_Divacancies: 1.7665 eV
 Mg     4th Formation_Energy_Divacancies: 1.7547 eV
 Mg     5th Formation_Energy_Divacancies: 1.7495 eV
 Mg     (1, 1, 0) Surface_Energy: 42.6661 meV/A^2
 Mg     (0, 0, 1) Surface_Energy: 35.0586 meV/A^2
 Mg     (1, 1, 1) Surface_Energy: 44.2716 meV/A^2
 Mg     (1, 1, 2) Surface_Energy: 42.4622 meV/A^2
 Ti     Lattice_Constants: a: 2.9318 A    c: 4.6523 A
        Coherent Energy: -7.8213 eV
 Ti     C11:  173.91 GPa
        C12:  183.17 GPa
        C14:   91.22 GPa
        B:    180.09 GPa
 Ti     Formation_Energy_Vacancy: 2.1652 eV
 Ti     1th Formation_Energy_Divacancies: 3.9959 eV
 Ti     2th Formation_Energy_Divacancies: 3.9899 eV
 Ti     3th Formation_Energy_Divacancies: 4.3317 eV
 Ti     4th Formation_Energy_Divacancies: 4.4073 eV
 Ti     5th Formation_Energy_Divacancies: 4.3490 eV
 Ti     (1, 1, 0) Surface_Energy: 116.6034 meV/A^2
 Ti     (0, 0, 1) Surface_Energy: 96.7197 meV/A^2
 Ti     (1, 1, 1) Surface_Energy: 123.3984 meV/A^2
 Ti     (1, 1, 2) Surface_Energy: 117.3172 meV/A^2
 Zr     Lattice_Constants: a: 3.2369 A    c: 5.1521 A
        Coherent Energy: -8.5170 eV
 Zr     C11:  147.11 GPa
        C12:  189.10 GPa
        C14:   93.24 GPa
        B:    175.10 GPa
 Zr     Formation_Energy_Vacancy: 2.4153 eV
 Zr     1th Formation_Energy_Divacancies: 4.4387 eV
 Zr     2th Formation_Energy_Divacancies: 4.4511 eV
 Zr     3th Formation_Energy_Divacancies: 4.8436 eV
 Zr     4th Formation_Energy_Divacancies: 4.9077 eV
 Zr     5th Formation_Energy_Divacancies: 4.8600 eV
 Zr     (1, 1, 0) Surface_Energy: 101.3370 meV/A^2
 Zr     (0, 0, 1) Surface_Energy: 82.2693 meV/A^2
 Zr     (1, 1, 1) Surface_Energy: 105.9761 meV/A^2
 Zr     (1, 1, 2) Surface_Energy: 100.1559 meV/A^2
