-8.28122 -8.28173
-8.28158 -8.28203
-8.27627 -8.27643
-8.27832 -8.27871
-8.28094 -8.2811
-8.27825 -8.27855
-8.28242 -8.28263
-8.28459 -8.28504
-8.27807 -8.27878
-8.27583 -8.27608
-8.28111 -8.28134
-8.27553 -8.27588
-8.27976 -8.27998
-8.27485 -8.27537
-8.27944 -8.27985
-8.27625 -8.27659
-8.27054 -8.27128
-8.28394 -8.28423
-8.28218 -8.2827
-8.28753 -8.28787
-8.2776 -8.27826
-8.28036 -8.28048
-8.26386 -8.26484
-8.27338 -8.27366
-8.27425 -8.27504
-8.2858 -8.28606
-8.27878 -8.27919
-8.27642 -8.27656
-8.2766 -8.27697
-8.27821 -8.27857
-8.27528 -8.27607
-8.28135 -8.28155
-8.27954 -8.2798
-8.27876 -8.27888
-8.28251 -8.28297
-8.27818 -8.27832
-8.28487 -8.2852
-8.27724 -8.27776
-8.2845 -8.28483
-8.27797 -8.27814
-8.2798 -8.28015
-8.27804 -8.27829
-8.27567 -8.27597
-8.27943 -8.27958
-8.2847 -8.28498
-8.28345 -8.28391
-8.27854 -8.2787
-8.2762 -8.2765
-8.26532 -8.26618
-8.27929 -8.27958
-7.98017 -7.9801
-7.91867 -7.91577
-8.07345 -8.07583
-7.33223 -7.33257
-7.94601 -7.94808
-8.23687 -8.23739
-7.59065 -7.59427
-7.86187 -7.86167
-7.85485 -7.85582
-7.98345 -7.97872
-7.93211 -7.92549
-8.04531 -8.04618
-7.90501 -7.90469
-7.94308 -7.94339
-7.93562 -7.93583
-7.77244 -7.77713
-7.92016 -7.91607
-7.85727 -7.86279
-7.98789 -7.98638
-8.25451 -8.25449
-8.09759 -8.09662
-7.86907 -7.8683
-8.09035 -8.09736
-8.09997 -8.0989
-7.99392 -7.99668
-7.94502 -7.94512
-8.04713 -8.04613
-7.88022 -7.87758
-7.77613 -7.77592
-8.07879 -8.08447
-8.00737 -8.0042
-8.09225 -8.09451
-7.72647 -7.73483
-8.00432 -8.00624
-8.01583 -8.02505
-7.76278 -7.76144
-7.88327 -7.88345
-7.97943 -7.98519
-8.10659 -8.11106
-8.02904 -8.03194
-7.92392 -7.92477
-8.06974 -8.07186
-8.13605 -8.13898
-8.12512 -8.1294
-8.06923 -8.06662
-7.5468 -7.54723
-8.11957 -8.1203
-7.97418 -7.97506
-7.34988 -7.35886
-8.09406 -8.09584
-8.31732 -8.31689
-8.32376 -8.32426
-8.33175 -8.33269
-8.2873 -8.28782
-8.30289 -8.30245
-8.30091 -8.30059
-8.17333 -8.17348
-8.33676 -8.33733
-8.30527 -8.30542
-8.34711 -8.34674
-8.23527 -8.23596
-8.21383 -8.21352
-8.29434 -8.29436
-8.28724 -8.28797
-8.31757 -8.3173
-8.24047 -8.24006
-8.34873 -8.34915
-8.27427 -8.27385
-8.33607 -8.33568
-8.27783 -8.27809
-8.20059 -8.20073
-8.32922 -8.32953
-8.29049 -8.29058
-8.3259 -8.3256
-8.35887 -8.35855
-8.31654 -8.31583
-8.34105 -8.34031
-8.24735 -8.24801
-8.33781 -8.33753
-8.27525 -8.27537
-8.30699 -8.30697
-8.22853 -8.22774
-8.36406 -8.36397
-8.2249 -8.22395
-8.31492 -8.31529
-8.13538 -8.13468
-8.32278 -8.32298
-8.32497 -8.32554
-8.29985 -8.30024
-8.1947 -8.194
-8.30246 -8.30221
-8.31065 -8.31111
-8.31759 -8.31726
-8.20199 -8.2012
-8.33354 -8.33391
-8.33075 -8.33054
-8.30951 -8.30957
-8.31121 -8.3117
-8.28481 -8.28578
-8.30552 -8.30626
-8.3039 -8.30457
-8.30523 -8.30537
-8.28443 -8.2844
-8.30361 -8.30417
-8.31082 -8.31059
-8.23376 -8.23312
-8.34632 -8.34627
-8.18134 -8.1832
-8.27118 -8.27171
-8.3072 -8.30779
-8.33663 -8.33685
-8.31696 -8.31745
-8.30434 -8.30457
-8.32218 -8.32185
-8.35618 -8.35623
-8.32625 -8.32624
-8.2936 -8.29294
-8.2757 -8.27531
-8.31148 -8.31098
-8.33327 -8.33343
-8.29923 -8.29972
-8.28735 -8.28715
-8.2581 -8.25798
-8.28178 -8.28213
-8.29949 -8.30004
-8.28794 -8.28792
-8.26175 -8.26248
-8.2329 -8.23276
-8.29825 -8.29849
-8.33459 -8.33466
-8.29602 -8.29609
-8.23805 -8.2376
-8.33634 -8.33613
-8.29179 -8.29206
-8.16567 -8.16828
-8.28475 -8.28456
-8.27114 -8.27069
-8.31989 -8.32
-8.33461 -8.3348
-8.27741 -8.27728
-8.34792 -8.34743
-8.2623 -8.26303
-8.2521 -8.2525
-8.34517 -8.34494
-8.25149 -8.25105
-8.21443 -8.21357
-8.29387 -8.29434
-8.31135 -8.31077
-8.34935 -8.34971
-8.33992 -8.34043
-8.19839 -8.19936
-8.25859 -8.25922
-8.18213 -8.18182
-8.35112 -8.35116
-8.28758 -8.28787
-8.32792 -8.32779
-8.2592 -8.2597
-8.319 -8.31916
-8.31893 -8.31903
-8.29491 -8.29456
-8.21969 -8.21881
-8.27499 -8.27493
-8.31721 -8.31822
-8.31191 -8.31233
-8.32057 -8.32052
-8.35937 -8.35973
-8.3632 -8.36326
-8.34549 -8.34512
-8.31759 -8.31787
-8.30938 -8.31023
-8.29169 -8.29225
-8.34312 -8.3427
-8.34088 -8.34128
-8.28689 -8.28742
-8.28696 -8.2864
-8.22975 -8.23042
-8.22772 -8.22917
-8.33605 -8.33586
-8.26623 -8.26571
-8.24165 -8.24229
-8.3379 -8.33805
-8.28586 -8.28556
-8.34885 -8.34855
-8.3253 -8.32592
-8.31086 -8.3108
-8.33617 -8.3358
-8.30955 -8.30943
-8.29201 -8.29192
-8.25087 -8.25091
-8.31823 -8.31778
-8.29111 -8.29194
-8.27657 -8.27638
-8.33386 -8.33372
-8.31322 -8.31312
-8.30672 -8.30728
-8.29069 -8.29044
-8.2772 -8.2775
-8.28369 -8.2833
-8.31531 -8.31599
-8.327 -8.32736
-8.32672 -8.32699
-8.35754 -8.35738
-8.36576 -8.36567
-8.31573 -8.31619
-8.33212 -8.33234
-8.22963 -8.23028
-8.28047 -8.28103
-8.33919 -8.33956
-8.36089 -8.36095
-8.26849 -8.26823
-8.34923 -8.34928
-8.36019 -8.36007
-8.35212 -8.35234
-8.33294 -8.33299
-8.31206 -8.31174
-8.18767 -8.18767
-8.30245 -8.30286
-8.29355 -8.29386
-8.30753 -8.30823
-8.30442 -8.30459
-8.29808 -8.29779
-8.26887 -8.26867
-8.29108 -8.29157
-8.32104 -8.32102
-8.35177 -8.35196
-8.23183 -8.2315
-8.28869 -8.28858
-8.32365 -8.32354
-8.32716 -8.32696
-8.32788 -8.3282
-8.26753 -8.26745
-8.33287 -8.33291
-8.28966 -8.28954
-8.29719 -8.29712
-8.25137 -8.25231
-8.27799 -8.27847
-8.30194 -8.30222
-8.33003 -8.32997
-8.24394 -8.24385
-8.32944 -8.32955
-8.32064 -8.32021
-8.21939 -8.2192
-8.25379 -8.25426
-8.28756 -8.28809
-8.3359 -8.3357
-8.28645 -8.28741
-8.20183 -8.20115
-8.27754 -8.27777
-8.33681 -8.3364
-8.27893 -8.27966
-8.2358 -8.23541
-8.30104 -8.30087
-8.27569 -8.27622
-8.28125 -8.28108
-8.34976 -8.3498
-8.22313 -8.22366
-8.31533 -8.31594
-8.27014 -8.27097
-8.29426 -8.29495
-8.24653 -8.24572
-8.28658 -8.28716
-8.24127 -8.24232
-8.33467 -8.33512
-8.30953 -8.30907
-8.30805 -8.30795
-8.33897 -8.33875
-8.31533 -8.31537
-8.19886 -8.1981
-8.29145 -8.29214
-8.25524 -8.25524
-8.29532 -8.2951
-8.34469 -8.34417
-8.31178 -8.3124
-8.35234 -8.35186
-8.28411 -8.28417
-8.29756 -8.29745
-8.34418 -8.34444
-8.31453 -8.31494
-8.35828 -8.35807
-8.32945 -8.32992
-8.23953 -8.23842
-8.3708 -8.37117
-8.31283 -8.31226
-8.2774 -8.278
-8.26197 -8.26149
-8.31014 -8.31045
-8.34944 -8.34889
-8.25698 -8.2583
-8.28396 -8.28389
-8.33585 -8.33573
-8.34368 -8.34359
-8.33973 -8.33978
-8.2895 -8.29004
-8.2784 -8.27818
-8.29979 -8.29981
-8.31526 -8.31495
-8.20525 -8.20627
-8.19878 -8.19947
-8.26961 -8.26933
-8.27808 -8.27777
-8.33364 -8.33455
-8.30692 -8.30682
-8.25489 -8.2556
-8.27612 -8.27605
-8.26948 -8.26946
-8.30002 -8.30001
-8.30476 -8.30492
-8.29195 -8.29165
-8.30416 -8.30373
-8.31266 -8.31314
-8.36737 -8.36758
-8.27731 -8.27729
-8.2696 -8.27012
-8.27836 -8.27816
-8.26967 -8.26952
-8.3067 -8.30707
-8.22401 -8.22344
-8.34339 -8.34348
-8.22238 -8.22204
-8.29813 -8.29781
-8.34044 -8.34076
-8.35457 -8.35449
-8.3331 -8.33235
-8.29876 -8.2993
-8.30811 -8.30835
-8.25772 -8.25851
-8.35108 -8.35094
-8.31909 -8.3193
-8.26654 -8.26716
-8.25054 -8.2504
-8.30991 -8.30973
-8.37474 -8.37492
-8.29492 -8.29474
-8.3369 -8.33658
-8.21799 -8.21804
-8.29107 -8.29134
-8.26434 -8.26413
-8.243 -8.2433
-8.30009 -8.30054
-8.31387 -8.31386
-8.27431 -8.27375
-8.21083 -8.21157
-8.27099 -8.27208
-8.35052 -8.35022
-8.34401 -8.34426
-8.28235 -8.28211
-8.31396 -8.31333
-8.30609 -8.30595
-8.2998 -8.30062
-8.27795 -8.27758
-8.22446 -8.22547
-8.19897 -8.19963
-8.24737 -8.24843
-8.19713 -8.19568
-8.00313 -8.00443
-8.19889 -8.19967
-7.72517 -7.72242
-8.10434 -8.1042
-8.15513 -8.1555
-8.11978 -8.12204
-8.02861 -8.03286
-8.24155 -8.24165
-8.05515 -8.05595
-8.01359 -8.01272
-8.1924 -8.19396
-8.24947 -8.24941
-8.16811 -8.16759
-8.18915 -8.18999
-8.07824 -8.07999
-8.13537 -8.13648
-8.18795 -8.18812
-8.23513 -8.23648
-8.00962 -8.00966
-8.27888 -8.27872
-8.13157 -8.13148
-8.08564 -8.08457
-8.23788 -8.23874
-8.20602 -8.20506
-8.1422 -8.14246
-8.09869 -8.09435
-8.25311 -8.25399
-7.94189 -7.942
-7.85176 -7.85045
-8.21704 -8.2174
-8.03028 -8.03118
-7.94859 -7.94864
-8.25338 -8.25399
-8.18184 -8.18255
-7.7504 -7.75216
-8.32102 -8.32157
-8.16869 -8.16887
-7.95931 -7.95848
-7.93173 -7.92967
-7.9828 -7.98044
-8.28437 -8.28457
-7.97966 -7.98216
-8.20676 -8.20737
-8.30051 -8.29998
-8.16162 -8.16067
-7.98961 -7.98896
-8.08905 -8.08852
-8.28551 -8.28576
-8.13457 -8.1353
-7.93952 -7.93793
-8.0817 -8.07935
-7.88864 -7.89144
-7.99165 -7.99312
-8.01662 -8.01537
-8.23147 -8.23176
-8.14602 -8.1451
-8.0033 -8.00505
-8.27899 -8.27915
-7.92255 -7.91953
-8.01331 -8.01216
-8.08584 -8.08702
-8.20475 -8.20409
-7.72546 -7.72389
-8.08787 -8.08939
-8.33002 -8.33033
-8.10384 -8.10283
-7.84107 -7.83916
-8.23342 -8.23358
-8.09223 -8.09379
-7.8409 -7.83907
-8.08023 -8.082
-7.99452 -7.99329
-8.16667 -8.16422
-8.12318 -8.12191
-8.14396 -8.14597
-8.20266 -8.2036
-8.00794 -8.01059
-8.05202 -8.05209
-8.18113 -8.1814
-8.03762 -8.03238
-8.11492 -8.11542
-7.46316 -7.46177
-8.14787 -8.1466
-7.98505 -7.98784
-8.09564 -8.09554
-8.08661 -8.08768
-8.03939 -8.04089
-8.10709 -8.10609
-8.01928 -8.02209
-8.29527 -8.2953
-8.03425 -8.03373
-7.60821 -7.60189
-7.70876 -7.70564
-8.24411 -8.24429
-8.15798 -8.15759
-7.88301 -7.88549
-8.10364 -8.10186
-8.02368 -8.02242
-8.15355 -8.15357
-8.1875 -8.18855
-8.04252 -8.03845
-8.13331 -8.13125
-8.23843 -8.2385
-8.02789 -8.02767
-8.24368 -8.24491
-8.08375 -8.08201
-8.15362 -8.15307
-8.02381 -8.02369
-7.99007 -7.99325
-8.07988 -8.08274
-7.9858 -7.98373
-8.24554 -8.24556
-8.03011 -8.03035
-8.19372 -8.19304
-8.11614 -8.11476
-8.21636 -8.21647
-8.09627 -8.09672
-8.01641 -8.01433
-8.07171 -8.06953
-8.22127 -8.22182
-8.10288 -8.10299
-8.06241 -8.06188
-8.11355 -8.11376
-8.19636 -8.19626
-7.9052 -7.90337
-8.10792 -8.10965
-8.21488 -8.21514
-8.07282 -8.07061
-8.19462 -8.19532
-7.80416 -7.8021
-7.68752 -7.69316
-8.21682 -8.2169
-8.08904 -8.08774
-7.59162 -7.58972
-7.63253 -7.62918
-8.12612 -8.12739
-8.08559 -8.0823
-8.08734 -8.08813
-7.70701 -7.70787
-8.15568 -8.15759
-8.15094 -8.15138
-8.10176 -8.10234
-7.69309 -7.68974
-8.2068 -8.20692
-7.96711 -7.96892
-7.85995 -7.85973
-8.21731 -8.21831
-8.30422 -8.3048
-8.23822 -8.23889
-8.14166 -8.14186
-7.94561 -7.94616
-8.15226 -8.15313
-8.1684 -8.16933
-7.97533 -7.97488
-7.97347 -7.96806
-8.06712 -8.0645
-8.15431 -8.15482
-7.84546 -7.84764
-8.15483 -8.1541
-7.9213 -7.91921
-7.48198 -7.48378
-7.14252 -7.14682
-8.13616 -8.13562
-8.20026 -8.19988
-8.25019 -8.25004
-8.0755 -8.07269
-8.24755 -8.24784
-8.30752 -8.30743
-8.08373 -8.08259
-8.07311 -8.07603
-8.18037 -8.17946
-7.80252 -7.80007
-8.16704 -8.16599
-8.03226 -8.03211
-8.09511 -8.09637
-8.08714 -8.08825
-8.22312 -8.22283
-7.99833 -7.99993
-8.04041 -8.04434
-8.02396 -8.02637
-7.86492 -7.86645
-8.15597 -8.15555
-7.65974 -7.65839
-7.99635 -8.00146
-8.1503 -8.15079
-8.19366 -8.19327
-8.32669 -8.32706
-8.21871 -8.22018
-8.08463 -8.08541
-7.95769 -7.9575
-7.72295 -7.72048
-7.6386 -7.63489
-8.1069 -8.10465
-8.18839 -8.18745
-8.18963 -8.19038
-7.84783 -7.84252
-7.9193 -7.9197
-7.90747 -7.90754
-7.92252 -7.92259
-7.91932 -7.92018
-7.90765 -7.90803
-7.91541 -7.916
-7.92343 -7.92355
-7.89846 -7.89881
-7.89649 -7.89654
-7.91832 -7.91838
-7.91353 -7.91366
-7.91841 -7.9184
-7.90571 -7.90596
-7.91756 -7.91769
-7.92285 -7.9233
-7.91517 -7.91562
-7.90982 -7.90987
-7.90893 -7.90917
-7.92124 -7.92155
-7.92119 -7.92158
-7.9076 -7.90811
-7.92038 -7.92073
-7.92198 -7.9224
-7.92106 -7.92124
-7.90445 -7.90509
-7.91751 -7.91762
-7.91995 -7.92012
-7.9176 -7.91764
-7.92112 -7.92156
-7.92218 -7.9225
-7.91403 -7.91406
-7.91929 -7.91949
-7.92141 -7.92156
-7.91723 -7.91791
-7.91968 -7.92043
-7.91952 -7.91995
-7.90401 -7.90469
-7.91846 -7.91906
-7.9103 -7.9107
-7.91683 -7.91695
-7.90585 -7.90615
-7.92049 -7.9208
-7.90967 -7.91019
-7.90855 -7.90897
-7.92264 -7.92285
-7.92091 -7.92165
-7.91902 -7.91904
-7.90687 -7.90738
-7.92193 -7.92217
-7.91765 -7.91796
-7.87282 -7.87519
-6.94537 -6.94372
-7.78107 -7.7808
-7.2085 -7.20635
-7.59209 -7.58965
-7.86732 -7.86752
-7.60049 -7.59844
-7.67763 -7.68402
-7.78422 -7.78517
-7.33477 -7.33152
-7.79793 -7.79879
-7.81224 -7.81536
-7.72899 -7.72113
-7.68541 -7.68428
-7.76663 -7.77706
-7.76905 -7.7713
-7.772 -7.77438
-7.88114 -7.88199
-7.85053 -7.84813
-7.74325 -7.74196
-7.66632 -7.66285
-7.66252 -7.66292
-7.7388 -7.7401
-7.61846 -7.61492
-7.76461 -7.7646
-7.64424 -7.64766
-7.8396 -7.83804
-7.84748 -7.8525
-7.26397 -7.26743
-7.71706 -7.71519
-7.81851 -7.82081
-7.77493 -7.77344
-7.71676 -7.71788
-7.54598 -7.5588
-7.30535 -7.30968
-7.57756 -7.57667
-7.70867 -7.70457
-7.79061 -7.79031
-7.59462 -7.59567
-6.88749 -6.88632
-7.79387 -7.79522
-7.38309 -7.38905
-7.54744 -7.54659
-7.66954 -7.66877
-7.52447 -7.52401
-7.86099 -7.85862
-7.69806 -7.69701
-7.60917 -7.60655
-7.63585 -7.63542
-7.59864 -7.59947
50.1238 50.1225
15.2863 15.2869
2.72534 2.72602
-1.35104 -1.35254
-2.07295 -2.072
-2.25108 -2.24681
-2.32984 -2.32941
-2.33898 -2.34215
-2.3336 -2.33736
-2.28494 -2.2852
-2.09847 -2.0935
-0.774327 -0.772637
-0.439777 -0.441036
-8.1712 -8.17982
-8.17207 -8.17684
-8.17332 -8.17907
-8.16224 -8.16832
-8.17277 -8.18104
-8.17277 -8.18104
-8.15316 -8.16301
-8.16121 -8.17111
-8.15628 -8.16771
-8.16219 -8.17222
-8.16381 -8.17419
-8.22946 -8.23279
-8.22724 -8.23017
-8.22624 -8.22976
-8.22268 -8.22615
-8.17861 -8.17641
-8.20646 -8.20308
-8.19131 -8.18977
-8.2031 -8.19925
-8.20295 -8.20096
-8.20013 -8.19842
-8.20711 -8.20415
-8.19446 -8.19242
-8.19852 -8.19591
-8.21321 -8.2111
-8.32248 -8.32212
-8.27508 -8.27885
-8.18709 -8.18939
-8.06577 -8.07385
-8.05563 -8.0574
-8.08194 -8.09107
-8.12487 -8.13245
-8.27553 -8.27737
-8.30252 -8.30378
-8.33999 -8.34062
-8.31206 -8.31158
-8.2426 -8.24567
-8.09018 -8.0986
-8.05367 -8.05925
-8.23014 -8.23229
-8.29865 -8.29791
-8.27209 -8.27205
-8.25215 -8.25289
-8.0343 -8.03719
-8.06248 -8.06781
-8.16728 -8.16839
-8.16825 -8.17644
-8.05484 -8.05847
-8.02662 -8.03184
-8.11207 -8.12291
-7.9582 -7.95739
-8.0505 -8.05887
-8.16393 -8.17194
-8.13151 -8.13431
-8.10133 -8.11116
-8.28015 -8.28094
-8.21197 -8.21272
-8.05944 -8.06044
-7.99329 -7.99283
-8.17326 -8.17308
-8.3356 -8.33476
-8.30817 -8.30729
-8.26029 -8.26172
-8.03807 -8.04021
-8.09584 -8.10311
-8.21854 -8.2219
-8.29228 -8.29315
-8.33197 -8.33055
-8.24902 -8.24911
-8.11278 -8.10941
-8.00912 -8.00052
-8.0065 -7.99492
-8.0458 -8.03685
-8.06126 -8.05789
-8.25031 -8.25069
-8.31598 -8.31622
-8.2956 -8.29563
-8.29281 -8.29355
-8.20635 -8.20548
-8.09579 -8.09191
-8.06016 -8.05855
-8.08255 -8.08093
-8.02591 -8.02274
-8.10639 -8.10241
-8.21883 -8.21513
-8.26779 -8.2652
-8.21218 -8.21493
-8.23829 -8.23699
-8.20034 -8.18459
-8.19807 -8.19781
-8.16084 -8.16645
-8.17307 -8.17782
-8.17071 -8.17543
-8.20035 -8.19771
-8.23107 -8.2278
-8.23501 -8.23275
-8.16992 -8.17943
-8.16775 -8.17467
-8.20023 -8.20118
-8.21186 -8.19858
-8.23051 -8.22511
-8.25697 -8.25854
-8.23607 -8.23173
-8.20821 -8.19625
-8.1539 -8.14644
-8.16287 -8.16864
-8.05841 -8.05709
-8.1177 -8.1164
-8.14251 -8.14047
-8.26678 -8.26488
-8.29245 -8.29065
-8.3046 -8.3043
-8.29611 -8.29552
-8.20178 -8.19923
-8.11448 -8.1099
-8.06355 -8.06297
-7.9898 -7.97936
-7.94902 -7.94311
-8.15857 -8.15726
-8.26144 -8.25944
-8.32829 -8.32843
-8.35273 -8.35147
-8.34161 -8.34134
-8.22155 -8.22484
-8.12938 -8.12612
-7.93444 -7.92763
-8.07484 -8.07198
-8.04906 -8.0477
-8.14868 -8.14711
-8.21235 -8.21109
-8.28359 -8.28248
-8.30917 -8.30966
-8.2921 -8.29085
-8.20309 -8.19937
-8.16043 -8.1583
-8.07172 -8.0692
-8.14674 -8.15956
-8.19302 -8.19491
-8.21529 -8.21002
-8.22399 -8.21382
-8.25683 -8.25579
-8.2477 -8.24696
-8.22727 -8.21723
-8.20543 -8.19667
-8.20056 -8.19379
-8.19109 -8.19706
-8.23999 -8.23869
-8.23503 -8.23616
-8.19237 -8.1841
-8.19005 -8.18503
-8.18924 -8.1885
-8.13529 -8.14736
-8.21628 -8.21572
-8.1986 -8.19077
-8.21573 -8.20407
-8.24942 -8.24572
-8.31063 -8.3095
-8.30998 -8.30984
-8.2075 -8.20736
-8.15226 -8.14944
-8.07446 -8.07087
-8.05204 -8.05241
-8.09359 -8.09095
-8.14783 -8.14613
-8.2125 -8.20927
-8.28862 -8.28699
-8.25109 -8.24663
-8.02598 -8.01058
-7.89757 -7.88741
-8.25857 -8.25648
-8.33234 -8.33269
-8.28389 -8.2817
-8.13629 -8.12534
-8.08396 -8.06683
-8.21228 -8.20247
-8.26278 -8.26502
-8.22192 -8.21204
-8.05616 -8.04648
-8.05169 -8.0408
-8.22782 -8.21945
-8.25623 -8.26669
-8.19732 -8.19469
-8.02207 -8.02427
-8.04733 -8.04905
-8.16882 -8.17551
-8.18585 -8.19116
-8.14937 -8.16455
-8.16682 -8.18085
-8.22551 -8.22781
-8.13656 -8.14458
-8.18142 -8.1883
-8.21531 -8.21188
-8.06393 -8.06464
-8.15439 -8.14607
-8.25803 -8.2521
-8.17018 -8.15539
-8.19459 -8.18186
-8.28294 -8.2783
-8.20921 -8.19676
-8.20001 -8.1898
-8.32893 -8.32911
-8.25405 -8.24936
-8.2146 -8.21072
-7.55717 -7.54854
-7.12617 -7.12206
-7.06002 -7.05407
-7.76788 -7.76321
-5.37281 -5.3787
-5.65666 -5.66567
-5.47596 -5.48248
-5.55191 -5.55721
-5.39665 -5.39893
-6.35142 -6.355
-6.4227 -6.42267
-6.43306 -6.43639
-6.28949 -6.29008
-6.35138 -6.35875
-7.01983 -7.02116
-6.86366 -6.86278
-6.95359 -6.94807
-6.92684 -6.92654
-6.97071 -6.96597
-7.08263 -7.08101
-7.18608 -7.18205
-7.05478 -7.05605
-7.00933 -7.00209
-6.74518 -6.75023
-6.62968 -6.63494
-6.06974 -6.08845
-5.82753 -5.82716
-5.91713 -5.92749
-5.92733 -5.9291
-4.70391 -4.71088
-4.67924 -4.68543
-7.5453 -7.54478
-7.19626 -7.19285
-7.03561 -7.03308
-7.59102 -7.59293
-7.16786 -7.16619
-7.18816 -7.17211
-7.21433 -7.20371
-7.48513 -7.48924
-7.02595 -7.01862
-7.06656 -7.05229
-7.02155 -7.02245
-6.87855 -6.88395
-6.81808 -6.81927
-6.83947 -6.8277
-8.26906 -8.27051
-8.2542 -8.25482
-8.25034 -8.24931
-8.25251 -8.25338
-8.25966 -8.25986
-8.25319 -8.2539
-8.26118 -8.26292
-8.26429 -8.26509
-8.25858 -8.26026
-8.23747 -8.23827
-8.25762 -8.25903
-8.23471 -8.23681
-8.24735 -8.24927
-8.23367 -8.23584
-8.21219 -8.21484
-8.20821 -8.2111
-8.22759 -8.2297
-8.23444 -8.23685
-8.22224 -8.22397
-8.2252 -8.22728
-7.10859 -7.11001
-6.65291 -6.65124
-7.09152 -7.09032
-6.95471 -6.95655
-6.55183 -6.55004
-6.94851 -6.95
-7.43755 -7.44095
-6.86697 -6.86528
-5.7154 -5.7117
-6.99643 -6.99598
-6.59118 -6.59306
-6.41503 -6.4168
-6.73031 -6.7311
-7.40358 -7.40719
-6.48224 -6.48048
-6.97442 -6.97275
-6.1388 -6.13331
-7.40881 -7.41165
-7.27015 -7.2734
-6.86965 -6.86717
-6.29816 -6.29764
-6.08309 -6.08537
-5.82718 -5.82944
-7.27898 -7.2803
-7.09535 -7.09424
-7.048 -7.05076
-4.81369 -4.81929
-6.5708 -6.57843
-7.33137 -7.33379
-6.58271 -6.58339
-6.99843 -6.99538
-7.08388 -7.07784
-4.82252 -4.82996
-7.32452 -7.32383
-7.15124 -7.15108
-6.69194 -6.69247
-4.59641 -4.59568
-7.08823 -7.08496
-7.18623 -7.187
-6.73989 -6.73647
-6.96045 -6.95864
-7.22826 -7.23014
-6.06014 -6.06105
-7.02421 -7.02292
-6.80404 -6.80269
-7.08163 -7.08191
-6.72745 -6.72692
-7.2878 -7.288
-6.93042 -6.93219
-5.53539 -5.5358
-7.26197 -7.26223
-7.15302 -7.15313
-7.07427 -7.07424
-7.31917 -7.31362
-5.49094 -5.48573
-7.23023 -7.22943
-7.35099 -7.35368
-6.90231 -6.90486
-6.59301 -6.59422
-7.41092 -7.409
-6.68918 -6.69053
-6.2196 -6.22095
-7.5206 -7.51746
-7.32655 -7.32858
-8.22663 -8.22268
-7.39934 -7.39827
-7.05065 -7.0518
-5.53078 -5.53637
-6.08953 -6.08405
-7.25896 -7.25989
-8.11116 -8.10522
-7.97549 -7.96822
-8.22781 -8.22451
-8.11888 -8.1133
-8.18362 -8.17844
-7.98568 -7.98151
-7.73055 -7.72608
-8.02778 -8.01943
-7.99166 -7.98926
-8.14808 -8.14007
-8.08285 -8.07841
-7.80038 -7.79658
-8.24429 -8.24017
-7.71884 -7.70956
-7.89033 -7.88337
-7.92592 -7.92031
-8.06884 -8.06473
-8.09635 -8.09108
-8.03865 -8.03053
-8.04906 -8.0403
-8.29581 -8.3021
-8.24329 -8.24855
-8.22396 -8.22957
-8.2239 -8.22994
-8.2364 -8.24248
-8.2276 -8.23273
-8.23609 -8.24086
-8.22443 -8.23017
-8.2252 -8.23062
-8.2293 -8.23407
-8.2283 -8.23408
-8.21647 -8.22147
-8.21575 -8.22175
-8.21891 -8.22472
-8.24353 -8.24894
-8.24673 -8.2526
-8.25387 -8.26061
-8.24734 -8.2537
-8.2433 -8.24969
-8.2298 -8.23674
-8.25745 -8.25638
-8.23096 -8.23318
-8.22668 -8.23153
-8.232 -8.23681
-8.23577 -8.24166
-8.23647 -8.24274
-8.28166 -8.2841
-8.28433 -8.28912
-8.29379 -8.30155
-8.29448 -8.30177
-8.28491 -8.28481
-8.29219 -8.29861
-8.38429 -8.38456
-8.31667 -8.31702
-8.32301 -8.32333
-8.32915 -8.32913
-8.33144 -8.33145
-8.32825 -8.32859
-8.31332 -8.31357
-8.33951 -8.33953
-8.23515 -8.23585
-8.25016 -8.25095
-8.33563 -8.33563
-8.30839 -8.30845
-8.3141 -8.31476
-8.31445 -8.31503
-8.28172 -8.28202
-8.27429 -8.27439
-8.27493 -8.27503
-8.29642 -8.29746
-8.28986 -8.29057
-8.29278 -8.2926
-8.34108 -8.34051
-8.34 -8.33946
-8.31968 -8.31928
-8.32113 -8.32064
-8.2899 -8.28935
-8.30807 -8.30782
-8.31078 -8.30997
-8.30517 -8.30439
-8.31268 -8.31201
-8.29344 -8.29281
-8.25954 -8.25885
-8.26184 -8.26165
-8.2876 -8.28775
-8.22956 -8.22992
-8.2332 -8.23367
-8.25415 -8.25433
-8.25252 -8.25269
-8.13947 -8.14045
-8.14103 -8.14143
-8.14768 -8.14843
-8.14034 -8.14221
-8.17171 -8.17311
-8.21145 -8.21119
-8.27598 -8.27601
-8.27059 -8.27101
-8.30923 -8.30964
-8.30037 -8.30033
-8.31082 -8.31122
-8.29115 -8.29167
-8.30521 -8.30457
-8.28481 -8.28377
-8.27192 -8.27084
-8.27141 -8.27037
-8.29812 -8.29734
-8.32461 -8.32362
-8.25263 -8.2533
-8.25115 -8.25161
-8.28218 -8.28256
-8.28048 -8.28085
-8.28178 -8.28215
-8.28344 -8.28391
-8.27644 -8.27526
-8.32291 -8.32195
-8.29418 -8.29348
-8.29762 -8.29762
-8.2779 -8.27791
-8.26925 -8.26913
-8.28229 -8.28213
-8.26998 -8.27009
-8.23662 -8.23651
-8.23469 -8.23422
-8.25644 -8.25593
-8.26006 -8.25951
-8.28183 -8.28142
-8.2583 -8.25869
-8.30315 -8.30375
-8.29564 -8.29557
-8.27195 -8.27216
-8.27173 -8.27192
-8.28362 -8.28391
-8.28796 -8.28825
-8.29228 -8.29253
-8.24596 -8.24754
-8.27411 -8.27422
-8.27546 -8.27581
-8.26435 -8.26424
-8.2644 -8.26421
-8.31177 -8.31172
-8.31631 -8.31611
-8.36339 -8.36402
-8.36382 -8.36446
-8.36277 -8.36256
-8.36703 -8.36688
-8.36683 -8.36667
-8.36497 -8.3649
-8.37225 -8.37216
-8.33854 -8.33854
-8.34387 -8.34413
-8.36241 -8.36308
-8.36222 -8.36294
-8.36473 -8.36539
-8.35767 -8.35847
-8.35622 -8.35699
-8.35689 -8.35689
-8.35567 -8.35563
-8.3539 -8.35428
-8.32603 -8.32622
-8.3362 -8.33622
-8.27346 -8.27328
-8.27119 -8.27099
-8.27251 -8.27326
-8.29019 -8.29029
-8.24543 -8.24547
-8.20377 -8.2029
-8.23579 -8.23542
-8.26117 -8.26072
-8.28288 -8.28207
-8.28103 -8.2801
-8.33853 -8.33833
-8.35612 -8.35623
-8.36093 -8.36096
-8.3412 -8.34122
-8.34739 -8.34741
-8.34737 -8.34739
-8.3323 -8.332
-8.33366 -8.33356
-8.3255 -8.32545
-8.3396 -8.33875
-8.28266 -8.28224
-8.24654 -8.24663
-8.27864 -8.27996
-8.29246 -8.29245
-8.31654 -8.31652
-8.30682 -8.30732
-8.29781 -8.29819
-8.27755 -8.27757
-8.27762 -8.27765
-8.27241 -8.27225
-8.26471 -8.26457
-8.25605 -8.25634
-8.25456 -8.25463
-8.21266 -8.21254
-8.21352 -8.2138
-8.25654 -8.25698
-8.25967 -8.26005
-8.33904 -8.33942
-8.32385 -8.3242
-8.30716 -8.30769
-8.30307 -8.30345
-8.2992 -8.29969
-8.30741 -8.3077
-8.31484 -8.31503
-8.36329 -8.36365
-8.36252 -8.36288
-8.3555 -8.35588
-8.36152 -8.3618
-8.36247 -8.3628
-8.35052 -8.35097
-8.36011 -8.3604
-8.34674 -8.34733
-8.34673 -8.34733
-8.3466 -8.34727
-8.34333 -8.34415
-8.32299 -8.32279
-8.32697 -8.32663
-8.32565 -8.32537
-8.29291 -8.29242
-8.25518 -8.25505
-8.26038 -8.2603
-8.30844 -8.30918
-8.33861 -8.33899
-8.34318 -8.34367
-8.33878 -8.33875
-8.33941 -8.33937
-8.32268 -8.32255
-8.31797 -8.31759
-8.31614 -8.3158
-8.24247 -8.2431
-8.23823 -8.23806
-8.2685 -8.26933
-8.24644 -8.24742
-8.24626 -8.24722
-8.24741 -8.24855
-8.24374 -8.2453
-8.25702 -8.25696
-8.25029 -8.2502
-8.26773 -8.26773
-8.26996 -8.2699
-8.26183 -8.26194
-8.25768 -8.25777
-8.26678 -8.26746
-8.26356 -8.26405
-8.25601 -8.25683
-8.2701 -8.27081
-8.28998 -8.29116
-8.2771 -8.27774
-8.26465 -8.266
-8.29364 -8.29499
-8.24253 -8.24421
-8.22841 -8.23005
-8.2287 -8.23038
-8.21871 -8.2199
-8.21337 -8.21296
-8.22894 -8.22823
-8.23108 -8.23098
-8.22504 -8.2247
-8.25239 -8.25226
-8.25714 -8.25697
-8.33066 -8.33002
-8.26928 -8.26874
-8.2801 -8.27963
-8.31406 -8.31372
-8.31144 -8.31144
-8.26539 -8.26509
-8.29532 -8.295
-8.29922 -8.29904
-8.30128 -8.3011
-8.32229 -8.32154
-8.32403 -8.32328
-8.33975 -8.33977
-8.33962 -8.33963
-8.29559 -8.2963
-8.29398 -8.29467
-8.33906 -8.33973
-8.34261 -8.34311
-8.3511 -8.35163
-8.35161 -8.35145
-8.33454 -8.33438
-8.33131 -8.33121
-8.35107 -8.35104
-8.34883 -8.34879
-8.24851 -8.24763
-8.23568 -8.23501
-8.22591 -8.22569
-8.2259 -8.22567
-8.24534 -8.24517
-8.24464 -8.24447
-8.27342 -8.2737
-8.28086 -8.28114
-8.29915 -8.29934
-8.30152 -8.30164
-8.31059 -8.31086
-8.31059 -8.31089
-8.30847 -8.30866
-8.28108 -8.28112
-8.27748 -8.27751
-8.27358 -8.27357
-8.26641 -8.26646
-8.25832 -8.25824
-8.26257 -8.26269
-8.31499 -8.31517
-8.35423 -8.35365
-8.35626 -8.3554
-8.35672 -8.356
-8.34632 -8.34648
-8.34624 -8.34665
-8.34404 -8.34443
-8.34127 -8.34231
-8.34331 -8.34388
-8.33107 -8.3315
-8.32647 -8.32714
-8.32826 -8.32882
-8.30846 -8.3095
-8.28339 -8.28385
-8.29694 -8.29734
-8.27636 -8.2766
-8.28389 -8.28401
-8.24959 -8.24984
-8.25425 -8.25452
-8.27849 -8.27841
-8.27438 -8.27433
-8.28741 -8.28894
-8.25119 -8.25144
-8.26557 -8.26562
-8.26522 -8.26534
-8.26629 -8.26622
-8.26942 -8.26936
-8.26978 -8.26877
-8.31171 -8.31129
-8.2676 -8.26756
-8.24118 -8.24111
-8.2323 -8.23285
-8.23925 -8.23979
-8.24744 -8.24787
-8.24293 -8.24349
-8.31567 -8.31546
-8.15744 -8.15708
-8.16288 -8.16231
-8.16523 -8.16402
-8.17737 -8.1778
-8.17662 -8.1771
-8.18204 -8.18323
-8.17373 -8.17393
-8.19311 -8.19319
-8.16423 -8.16481
-8.20233 -8.20288
-8.17182 -8.17111
-8.17727 -8.17683
-8.36716 -8.3678
-8.33478 -8.33532
-8.33254 -8.33289
-8.3273 -8.32735
-8.32024 -8.32
-8.31817 -8.31786
-8.31639 -8.31607
-8.31153 -8.31116
-8.31346 -8.31342
-8.30763 -8.30754
-8.3039 -8.30402
-8.29294 -8.29272
-8.26624 -8.2664
-8.28088 -8.28105
-8.29248 -8.29239
-8.29263 -8.29253
-8.24747 -8.24789
-8.2577 -8.25833
-8.25874 -8.25992
-8.25148 -8.25178
-8.25217 -8.25243
-8.26535 -8.26485
-8.24334 -8.24278
-8.24446 -8.24424
-8.25687 -8.25756
-8.2683 -8.26964
-8.26676 -8.26688
-8.28877 -8.28848
-8.32119 -8.32034
-8.31226 -8.31254
-8.3097 -8.30984
-8.28675 -8.28672
-8.29717 -8.29771
-8.23646 -8.23696
-8.23466 -8.23498
-8.25474 -8.25515
-8.25408 -8.25447
-8.09661 -8.09777
-8.04822 -8.05043
-8.1162 -8.11686
-8.1069 -8.10767
-8.10541 -8.10633
-8.10519 -8.10607
-8.14767 -8.1484
-8.15267 -8.15327
-8.18374 -8.18524
-8.23807 -8.23776
-8.25434 -8.25483
-8.26397 -8.26404
-8.30437 -8.30436
-8.30114 -8.30112
-8.2861 -8.28644
-8.30423 -8.30437
-8.32111 -8.32146
-8.31198 -8.31231
-8.31502 -8.31525
-8.32527 -8.32555
-8.31898 -8.31916
-8.32269 -8.3228
-8.32531 -8.32478
-8.31984 -8.31935
-8.28962 -8.289
-8.29423 -8.2943
-8.3074 -8.30742
-8.31516 -8.31549
-8.30756 -8.30805
-8.31018 -8.31068
-8.31206 -8.31253
-8.31232 -8.31269
-8.31728 -8.31772
-8.32349 -8.32372
-8.34186 -8.34182
-8.32621 -8.32647
-8.28386 -8.28428
-8.28403 -8.28446
-8.29285 -8.2934
-8.29315 -8.2937
-8.27526 -8.27567
-8.27191 -8.27228
-8.26905 -8.26943
-8.09336 -8.09472
-8.09486 -8.09632
-8.12926 -8.12995
-8.01158 -8.01291
-8.03728 -8.04031
-8.08592 -8.08317
-8.08109 -8.07805
-8.1023 -8.09723
-8.10284 -8.09803
-8.09702 -8.09603
-8.09782 -8.09683
-8.10119 -8.10029
-8.10206 -8.10171
-8.13955 -8.1376
-8.15936 -8.158
-8.16914 -8.16771
-8.17349 -8.17289
-8.24777 -8.2484
-8.23825 -8.23861
-8.21466 -8.21497
-8.23247 -8.23186
-8.2313 -8.2308
-8.20463 -8.20471
-8.26542 -8.26568
-8.2964 -8.29635
-8.34251 -8.34226
-8.3438 -8.34365
-8.34728 -8.34701
-8.35574 -8.35533
-8.37162 -8.37211
-8.37314 -8.37361
-8.32349 -8.32337
-8.32207 -8.32183
-8.32203 -8.32179
-8.29169 -8.29222
-8.30976 -8.31026
-8.33866 -8.33897
-8.37118 -8.37162
-8.36187 -8.36259
-8.3594 -8.36015
-8.35839 -8.3591
-8.37316 -8.37297
-8.37006 -8.37
-8.37031 -8.37027
-8.36497 -8.36524
-8.36295 -8.36283
-8.35204 -8.35164
-8.35578 -8.35548
-8.35575 -8.35544
-8.35039 -8.35
-8.35227 -8.35192
-8.34821 -8.34792
-8.34522 -8.34487
-8.34144 -8.34089
-8.3448 -8.3442
-8.29219 -8.29203
-8.29269 -8.29222
-8.32901 -8.32891
-8.36218 -8.36154
-8.34315 -8.34267
-8.34312 -8.34258
-8.29031 -8.29094
-8.27456 -8.27507
-8.25071 -8.251
-8.25664 -8.25684
-8.2663 -8.26667
-8.23634 -8.23681
-8.25805 -8.25722
-8.22476 -8.22402
-8.22641 -8.22581
-8.22364 -8.22359
-8.16801 -8.16884
-8.19054 -8.19136
-8.19122 -8.192
-8.17853 -8.17861
-8.19176 -8.19215
-8.27129 -8.27179
-8.31948 -8.31956
-8.29689 -8.29708
-8.31937 -8.31933
-8.35507 -8.35485
-8.33791 -8.33764
-8.3182 -8.31792
-8.31161 -8.31168
-8.31036 -8.31007
-8.30307 -8.30305
-8.30045 -8.30047
-8.31478 -8.31486
-8.31885 -8.31877
-8.30663 -8.30668
-8.30532 -8.30534
-8.33093 -8.33109
-8.31223 -8.31256
-8.30815 -8.30845
-8.3044 -8.30479
-8.30243 -8.30242
-8.31176 -8.31169
-8.32688 -8.32718
-8.32499 -8.32531
-8.36226 -8.36216
-8.3526 -8.35236
-8.355 -8.35468
-8.35873 -8.35833
-8.34626 -8.34605
-8.34471 -8.34451
-8.33774 -8.33787
-8.33254 -8.33141
-8.33362 -8.33277
-8.33396 -8.33317
-8.35683 -8.35742
-8.35933 -8.35995
-8.35992 -8.36048
-8.30765 -8.3081
-8.30421 -8.30467
-8.30242 -8.30248
-8.3398 -8.34
-8.3407 -8.3413
-8.31125 -8.31133
-8.31491 -8.31501
-8.32537 -8.32541
-8.32113 -8.32119
-8.30243 -8.30249
-8.31228 -8.31237
-8.24541 -8.24514
-8.13122 -8.13084
-8.1535 -8.15297
-8.17417 -8.17391
-8.16574 -8.16692
-8.14482 -8.14623
-8.14377 -8.14522
-8.12448 -8.12558
-8.1611 -8.16204
-8.23347 -8.23415
-8.31875 -8.31867
-8.33311 -8.33294
-8.32475 -8.32498
-8.32464 -8.32488
-8.30163 -8.30224
-8.29941 -8.30005
-8.29689 -8.29742
-8.29639 -8.29696
-8.3008 -8.30127
-8.31098 -8.31148
-8.31235 -8.31284
-8.31731 -8.31793
-8.31693 -8.3177
-8.37304 -8.37313
-8.36916 -8.36918
-8.36358 -8.36349
-8.35286 -8.3529
-8.35236 -8.35239
-8.34873 -8.34919
-8.34833 -8.3488
-8.31134 -8.31209
-8.28214 -8.28275
-8.28338 -8.28397
-8.23555 -8.23606
-8.23165 -8.23199
-8.24066 -8.2404
-8.24039 -8.24013
-8.2391 -8.23901
-8.19469 -8.19509
-8.2292 -8.22989
-8.28715 -8.28711
-8.26537 -8.26562
-8.26262 -8.26295
-8.26488 -8.26512
-8.27091 -8.27182
-8.27126 -8.27227
-8.27934 -8.27914
-8.27901 -8.27883
-8.29332 -8.29344
-8.38423 -8.38447
-8.38419 -8.38445
-8.38406 -8.38428
-8.38406 -8.38428
-8.38191 -8.38218
-8.38182 -8.38209
-8.37971 -8.37985
-8.37799 -8.37806
-8.37265 -8.37288
-8.35997 -8.36036
-8.33448 -8.33452
-8.3342 -8.33428
-8.25432 -8.25383
-8.251 -8.25052
-8.26182 -8.26163
-8.28396 -8.28378
-8.29071 -8.29056
-8.28731 -8.28714
-8.28696 -8.28679
-8.30802 -8.30777
-8.3072 -8.30715
-8.31003 -8.30997
-8.30349 -8.30338
-8.3001 -8.29996
-8.29948 -8.29933
-8.17278 -8.17291
-8.18445 -8.18456
-8.20221 -8.20182
-8.16437 -8.16405
-8.1607 -8.16036
-8.15939 -8.15939
-8.13996 -8.14083
-8.15375 -8.1517
-8.28469 -8.28439
-8.26915 -8.26922
-8.23685 -8.23604
-8.21732 -8.21664
-8.21779 -8.21717
-8.21405 -8.21339
-8.24995 -8.2507
-8.2378 -8.2387
-8.1992 -8.19945
-8.1904 -8.19085
-8.18548 -8.18551
-8.1761 -8.17691
-8.16954 -8.17045
-8.1747 -8.17545
-8.18 -8.18077
-8.18049 -8.18125
-8.17837 -8.17914
-8.20817 -8.20833
-8.20694 -8.20713
-8.20526 -8.20555
-8.23735 -8.23777
-8.23874 -8.23846
-8.25323 -8.25299
-8.24795 -8.24751
-8.25093 -8.2505
-8.24759 -8.24726
-8.31417 -8.31498
-8.31654 -8.31684
-8.33597 -8.33628
-8.30682 -8.30722
-8.28198 -8.28108
-8.2774 -8.27645
-8.29658 -8.29572
-8.28945 -8.28856
-8.30458 -8.30368
-8.3017 -8.30087
-8.30033 -8.2995
-8.29423 -8.29346
-8.28921 -8.28878
-8.30402 -8.30398
-8.28777 -8.28771
-8.29208 -8.29197
-8.28879 -8.2887
-8.27801 -8.27779
-8.25027 -8.25008
-8.25379 -8.25379
-8.25348 -8.25357
-8.25221 -8.25229
-8.32713 -8.3272
-8.34135 -8.3414
-8.34447 -8.34434
-8.34543 -8.34545
-8.34818 -8.34826
-8.34771 -8.34779
-8.32818 -8.3288
-8.32434 -8.32475
-8.32261 -8.32289
-8.34783 -8.34853
-8.361 -8.36086
-8.37524 -8.37556
-8.37486 -8.37523
-8.37468 -8.37505
-8.36795 -8.36853
-8.36554 -8.36602
-8.35507 -8.35581
-8.33904 -8.33958
-8.32788 -8.3281
-8.32719 -8.32743
-8.29699 -8.29716
-8.31229 -8.31229
-8.31491 -8.31487
-8.36395 -8.36376
-8.36992 -8.36989
-8.36992 -8.36988
-8.37248 -8.37268
-8.37191 -8.37214
-8.29615 -8.29524
-8.2551 -8.25491
-8.26799 -8.26794
-8.28847 -8.28857
-8.28379 -8.28358
-8.30474 -8.3045
-8.32232 -8.32185
-8.31778 -8.31732
-8.31738 -8.31691
-8.29933 -8.29976
-8.29787 -8.29799
-8.29779 -8.29771
-8.30377 -8.30417
-8.30412 -8.30403
-8.29785 -8.29842
-8.35706 -8.35752
-8.35584 -8.35627
-8.3554 -8.35593
-8.35336 -8.35384
-8.33411 -8.33342
-8.33565 -8.33494
-8.33813 -8.33733
-8.32803 -8.32716
-8.33392 -8.33307
-8.33123 -8.33053
-8.34812 -8.34762
-8.34894 -8.34835
-8.34536 -8.34473
-8.34973 -8.34919
-8.34944 -8.34892
-8.32315 -8.32283
-8.34125 -8.34161
-8.32488 -8.32537
-8.3212 -8.32183
-8.32027 -8.32066
-8.30912 -8.30926
-8.28847 -8.28842
-8.27211 -8.27253
-8.31714 -8.31733
-8.30224 -8.30271
-8.29193 -8.29167
-8.29629 -8.29608
-8.2993 -8.29925
-8.30994 -8.30896
-8.31587 -8.3151
-8.31639 -8.31566
-8.31689 -8.31707
-8.31643 -8.31661
-8.21748 -8.21793
-8.17936 -8.17904
-8.2112 -8.21138
-8.20942 -8.20967
-8.21638 -8.21603
-8.18641 -8.18707
-8.18131 -8.18208
-8.16062 -8.16179
-8.26317 -8.26368
-8.25903 -8.25974
-8.28225 -8.28327
-8.26203 -8.26312
-8.26868 -8.2696
-8.28651 -8.2872
-8.30596 -8.30637
-8.29745 -8.29795
-8.28998 -8.29
-8.29275 -8.29237
-8.33033 -8.33002
-8.23968 -8.24019
-8.24145 -8.24206
-8.24114 -8.24166
-8.22979 -8.23064
-8.26901 -8.27022
-8.28943 -8.29048
-8.18884 -8.18823
-8.16165 -8.16087
-8.19039 -8.18985
-8.19016 -8.18948
-8.19323 -8.19261
-8.20038 -8.20074
-8.24522 -8.2455
-8.26468 -8.26499
-8.22802 -8.22747
-8.22347 -8.22303
-8.23524 -8.23463
-8.23835 -8.23874
-8.25142 -8.2519
-8.24943 -8.24991
-8.27526 -8.27547
-8.27305 -8.27322
-8.26939 -8.2697
-8.25458 -8.25441
-8.28681 -8.28716
-8.35735 -8.35742
-8.36059 -8.36051
-8.3641 -8.36409
-8.36531 -8.36522
-8.36764 -8.36789
-8.36221 -8.36203
-8.34373 -8.34371
-8.3455 -8.34548
-8.37084 -8.37073
-8.38253 -8.38273
-8.38241 -8.38256
-8.35938 -8.35981
-8.35597 -8.35658
-8.34795 -8.34838
-8.34936 -8.34976
-8.35532 -8.35611
-8.35488 -8.35564
-8.36308 -8.36357
-8.36317 -8.3632
-8.37067 -8.37074
-8.37135 -8.37163
-8.37227 -8.3726
-8.37341 -8.37393
-8.37522 -8.37541
-8.37571 -8.37591
-8.37265 -8.37272
-8.37268 -8.37278
-8.37145 -8.37153
-8.37078 -8.3709
-8.35959 -8.35988
-8.35692 -8.35719
-8.35101 -8.35105
-8.34836 -8.34833
-8.34588 -8.3462
-8.31422 -8.31488
-8.31186 -8.31247
-8.27545 -8.27601
-8.30317 -8.30233
-8.30314 -8.30229
-8.31129 -8.31046
-8.31297 -8.31342
-8.30767 -8.30812
-8.30662 -8.30704
-8.33139 -8.33204
-8.31293 -8.31356
-8.30526 -8.3057
-8.21906 -8.21865
-8.21271 -8.21226
-8.23283 -8.23251
-8.24494 -8.24487
-8.21916 -8.21816
-8.18362 -8.18283
-8.19663 -8.19749
-8.178 -8.17723
-8.28678 -8.28659
-8.29052 -8.29039
-8.23481 -8.23466
-8.24559 -8.24528
-8.24273 -8.24247
-8.2218 -8.22234
-8.22221 -8.22275
-8.22662 -8.22682
-8.24352 -8.24391
-8.26115 -8.2619
-8.29981 -8.30035
-8.29435 -8.29488
-8.27618 -8.27653
-8.26091 -8.26105
-8.35596 -8.35634
-8.35374 -8.35401
-8.34432 -8.34417
-8.33304 -8.33281
-8.35069 -8.3504
-8.3547 -8.35445
-8.28233 -8.28174
-8.27855 -8.27807
-8.283 -8.28263
-8.28363 -8.28327
-8.28446 -8.2841
-8.28839 -8.28803
-8.32593 -8.32551
-8.323 -8.32257
-8.30607 -8.30539
-8.32216 -8.32137
-8.33019 -8.32955
-8.32965 -8.32943
-8.31508 -8.315
-8.32267 -8.32268
-8.29871 -8.29913
-8.32178 -8.3221
-8.3187 -8.31902
-8.31229 -8.31241
-8.30201 -8.30176
-8.30371 -8.30349
-8.2972 -8.29653
-8.3393 -8.33877
-8.32764 -8.32737
-8.2963 -8.29579
-8.27144 -8.27113
-8.25519 -8.25487
-8.23886 -8.23854
-8.2318 -8.23146
-8.22421 -8.22389
-8.29092 -8.29069
-8.32641 -8.32606
-8.33597 -8.33597
-8.38429 -8.38456
-8.38429 -8.38456
-8.38429 -8.38456
-8.38429 -8.38456
-8.38429 -8.38456
-8.38429 -8.38456
-8.38429 -8.38456
-8.38429 -8.38456
-8.37857 -8.37875
-8.36926 -8.36922
-8.3582 -8.3583
-8.35754 -8.35763
-8.36139 -8.36152
-8.36031 -8.36042
-8.36156 -8.36125
-8.36265 -8.36232
-8.36912 -8.36886
-8.36894 -8.3687
-8.27724 -8.27721
-8.26403 -8.26379
-8.26774 -8.26762
-8.2988 -8.29935
-8.29874 -8.29928
-8.29902 -8.29964
-8.33841 -8.33861
-8.34069 -8.34092
-8.33072 -8.33088
-8.32884 -8.32901
-8.33382 -8.33394
-8.3159 -8.31633
-8.31824 -8.31896
-8.30662 -8.30687
-8.30758 -8.3074
-8.29358 -8.29285
-8.28293 -8.28253
-8.27881 -8.27812
-8.27209 -8.27115
-8.27559 -8.27467
-8.35789 -8.35824
-8.35941 -8.35998
-8.35636 -8.357
-8.35786 -8.35785
-8.37169 -8.3716
-8.35386 -8.35383
-8.25793 -8.25839
-8.2412 -8.24148
-8.24661 -8.24686
-8.26489 -8.26506
-8.26485 -8.26503
-8.24186 -8.24142
-8.23271 -8.2324
-8.1213 -8.12056
-8.11458 -8.1135
-8.19707 -8.19786
-8.19492 -8.1953
-8.18227 -8.18274
-8.18018 -8.18065
-8.17857 -8.1791
-8.18533 -8.18595
-8.15275 -8.15372
-8.15353 -8.15466
-8.18885 -8.18969
-8.3034 -8.30344
-8.30187 -8.30188
-8.31658 -8.31663
-8.25395 -8.25361
-8.25502 -8.2546
-8.27264 -8.27309
-8.25951 -8.25965
-8.26671 -8.26688
-8.26754 -8.26771
-8.28825 -8.28885
-8.28201 -8.28277
-8.26254 -8.26261
-8.25331 -8.25381
-8.16083 -8.16168
-8.16201 -8.16282
-8.17066 -8.17111
-8.17133 -8.17172
-8.18387 -8.1847
-8.12493 -8.12589
-8.1739 -8.17438
-8.1886 -8.18915
-8.18158 -8.18231
-8.18163 -8.1824
-8.19612 -8.1971
-8.13839 -8.13722
-8.24232 -8.24161
-8.25506 -8.25443
-8.29829 -8.29807
-8.37829 -8.37858
-8.37754 -8.37778
-8.36883 -8.36902
-8.36916 -8.36934
-8.36703 -8.36668
-8.3675 -8.367
-8.37297 -8.37235
-8.35791 -8.35757
-8.35768 -8.35733
-8.34702 -8.34698
-8.30614 -8.30679
-8.27389 -8.27427
-8.27378 -8.27416
-8.25702 -8.25754
-8.24345 -8.24395
-8.22415 -8.22469
-8.28921 -8.28956
-8.23632 -8.23702
-8.22112 -8.22149
-8.23918 -8.23953
-8.23902 -8.23938
-8.24692 -8.24709
-8.24783 -8.2484
-8.25353 -8.25408
-8.26539 -8.26614
-8.28153 -8.28201
-8.28302 -8.2835
-8.28339 -8.28386
-8.28394 -8.28441
-8.29214 -8.29124
-8.26083 -8.26013
-8.28559 -8.28498
-8.26851 -8.26803
-8.27103 -8.27058
-8.27549 -8.2761
-8.26735 -8.26793
-8.26743 -8.26802
-8.2656 -8.26639
-8.26347 -8.26429
-8.26266 -8.26336
-8.26385 -8.26453
-8.24876 -8.2495
-8.28631 -8.28741
-8.28539 -8.28657
-8.28466 -8.28574
-8.28461 -8.28568
-8.29234 -8.29336
-8.32554 -8.32619
-8.32158 -8.32222
-8.31093 -8.31122
-8.30919 -8.30952
-8.3192 -8.31943
-8.36356 -8.36388
-8.36821 -8.36852
-8.36652 -8.36684
-8.34817 -8.34818
-8.35022 -8.3501
-8.36581 -8.36578
-8.36018 -8.36012
-8.36075 -8.36059
-8.36066 -8.36036
-8.38286 -8.38298
-8.35035 -8.35067
-8.31858 -8.31905
-8.30471 -8.305
-8.27997 -8.2804
-8.2117 -8.21351
-8.20234 -8.20404
-8.23051 -8.23099
-8.24502 -8.24535
-8.25594 -8.25625
-8.25607 -8.25637
-8.27639 -8.27662
-8.28579 -8.28629
-8.2623 -8.26242
-8.26068 -8.26085
-8.24567 -8.24588
-8.28223 -8.28163
-8.26649 -8.26577
-8.26687 -8.26615
-8.26736 -8.26667
-8.26727 -8.26665
-8.25927 -8.25875
-8.25228 -8.25271
-8.26728 -8.26733
-8.25985 -8.26002
-8.27053 -8.27069
-8.26623 -8.26645
-8.20953 -8.20979
-8.23224 -8.23226
-8.24537 -8.24562
-8.24407 -8.24418
-8.22715 -8.22709
-8.22736 -8.22732
-8.28071 -8.28061
-8.28298 -8.28259
-8.26665 -8.26625
-8.2681 -8.26744
-8.27158 -8.27094
-8.27118 -8.27072
-8.25846 -8.25805
-8.23411 -8.23417
-8.23499 -8.23475
-8.23218 -8.23185
-8.11698 -8.11504
-8.11739 -8.11549
-8.08121 -8.07934
-8.06474 -8.06293
-8.01309 -8.01212
-8.04612 -8.04373
-8.05998 -8.05894
-8.05818 -8.05725
-8.05887 -8.05809
-8.05095 -8.04987
-8.04289 -8.04135
-8.04974 -8.0484
-8.06399 -8.06585
-8.07595 -8.07817
-8.06988 -8.07354
-8.08556 -8.08806
-8.11452 -8.11537
-8.12626 -8.12744
-8.12123 -8.12188
-8.12264 -8.12357
-8.27948 -8.2795
-8.27804 -8.27823
-8.27629 -8.27639
-8.28688 -8.28691
-8.31111 -8.31126
-8.29165 -8.29179
-8.35045 -8.35066
-8.35269 -8.35289
-8.32882 -8.32855
-8.31662 -8.31621
-8.3147 -8.31428
-8.31663 -8.31606
-8.31537 -8.31492
-8.31404 -8.31366
-8.29089 -8.29176
-8.28456 -8.28528
-8.25203 -8.25243
-8.25761 -8.25749
-8.11538 -8.11358
-8.13764 -8.13726
-8.13373 -8.13458
-8.03052 -8.03032
-8.02695 -8.02664
-8.01616 -8.01709
-8.15752 -8.15895
-8.17847 -8.17866
-8.19476 -8.19482
-8.27439 -8.27442
-8.29813 -8.29847
-8.29673 -8.29705
-8.3217 -8.3222
-8.32128 -8.32176
-8.31899 -8.31823
-8.31001 -8.30919
-8.2784 -8.27794
-8.29711 -8.29688
-8.30875 -8.30803
-8.31256 -8.31182
-8.35257 -8.3526
-8.32965 -8.32927
-8.32285 -8.32244
-8.3242 -8.32379
-8.3045 -8.30389
-8.30613 -8.3053
-8.31154 -8.31074
-8.30807 -8.30863
-8.30339 -8.30399
-8.30361 -8.3042
-8.30626 -8.3064
-8.31095 -8.31122
-8.32032 -8.32033
-8.32869 -8.32867
-8.32124 -8.32131
-8.3216 -8.32166
-8.32185 -8.32191
-8.32453 -8.32473
-8.29533 -8.29494
-8.29094 -8.29073
-8.31049 -8.31027
-8.34204 -8.34229
-8.34198 -8.34223
-8.34048 -8.3408
-8.29193 -8.29324
-8.30492 -8.30633
-8.323 -8.32386
-8.35172 -8.35206
-8.34244 -8.34199
-8.34477 -8.34418
-8.36112 -8.36051
-8.3583 -8.35751
-8.35446 -8.35354
-8.35212 -8.35113
-8.37593 -8.3763
-8.37352 -8.37361
-8.37472 -8.37465
-8.37692 -8.37695
-8.37401 -8.37404
-8.36004 -8.36007
-8.34888 -8.34896
-8.35809 -8.35818
-8.34556 -8.3457
-8.3468 -8.34692
-8.34189 -8.34202
-8.33347 -8.33382
-8.33166 -8.33249
-8.33906 -8.33954
-8.32283 -8.32346
-8.31535 -8.31582
-8.32664 -8.32704
-8.2953 -8.29607
-8.3041 -8.30447
-8.30395 -8.30463
-8.31017 -8.3109
-8.27528 -8.27438
-8.27068 -8.26978
-8.2625 -8.26197
-8.26918 -8.26912
-8.25328 -8.25325
-8.25155 -8.25157
-8.30404 -8.30414
-8.32369 -8.3234
-8.3129 -8.31264
-8.31187 -8.31167
-8.31075 -8.31053
-8.27531 -8.27494
-8.25536 -8.25512
-8.26721 -8.2668
-8.2854 -8.28535
-8.28601 -8.28601
-8.28086 -8.28127
-8.31363 -8.314
-8.33116 -8.33108
-8.33108 -8.33185
-8.32262 -8.32338
-8.32255 -8.32203
-8.32574 -8.32528
-8.35172 -8.3509
-8.35001 -8.34918
-8.34827 -8.34731
-8.35195 -8.35115
-8.31784 -8.31692
-8.3026 -8.30201
-8.30553 -8.30499
-8.24481 -8.2457
-8.24454 -8.24537
-8.23983 -8.24074
-8.19916 -8.19894
-8.24568 -8.24617
-8.24734 -8.24864
-8.23614 -8.23802
-8.2286 -8.23046
-8.22873 -8.23057
-8.24086 -8.2428
-8.24027 -8.24221
-8.23338 -8.23453
-8.2167 -8.21829
-8.21056 -8.21204
-8.21228 -8.21373
-8.22057 -8.22239
-8.21614 -8.21795
-8.22452 -8.22639
-8.2377 -8.23936
-8.2169 -8.21811
-8.22122 -8.2225
-8.18482 -8.18509
-8.17128 -8.17084
-8.15318 -8.15131
-8.15304 -8.1507
-8.15893 -8.15678
-8.17938 -8.17899
-8.21081 -8.21041
-8.20082 -8.20185
-8.18941 -8.1901
-8.19589 -8.1965
-8.18407 -8.18477
-8.2229 -8.22329
-8.18789 -8.18829
-8.1796 -8.17937
-8.15793 -8.15849
-8.11241 -8.1135
-8.19536 -8.19557
-8.19575 -8.19639
-8.2018 -8.20252
-8.19228 -8.19275
-8.21827 -8.21925
-8.36258 -8.36248
-8.35369 -8.35357
-8.35186 -8.35174
-8.34869 -8.34862
-8.35085 -8.35073
-8.34934 -8.34923
-8.35633 -8.35655
-8.34963 -8.34988
-8.35233 -8.3526
-8.37073 -8.37073
-8.37157 -8.37164
-8.37535 -8.37537
-8.37675 -8.37693
-8.36914 -8.36927
-8.37049 -8.37063
-8.32634 -8.32671
-8.32326 -8.32377
-8.32044 -8.32058
-8.31783 -8.31804
-8.31291 -8.31313
-8.30952 -8.30972
-8.32396 -8.32419
-8.31635 -8.31641
-8.31967 -8.31997
-8.32687 -8.32719
-8.34754 -8.34792
-8.35979 -8.35958
-8.36126 -8.36097
-8.36056 -8.3603
-8.35756 -8.35703
-8.36179 -8.36124
-8.35583 -8.35546
-8.33956 -8.33928
-8.35123 -8.35087
-8.3554 -8.35487
-8.32442 -8.32494
-8.32463 -8.32514
-8.32181 -8.32233
-8.32616 -8.32662
-8.32724 -8.32769
-8.32232 -8.32268
-8.33987 -8.33985
-8.33236 -8.33245
-8.32664 -8.32683
-8.30107 -8.30166
-8.30308 -8.30366
-8.31875 -8.31922
-8.33694 -8.33672
-8.35802 -8.35812
-8.34658 -8.34672
-8.34737 -8.34754
-8.35023 -8.3508
-8.3437 -8.34381
-8.3205 -8.31967
-8.32977 -8.32907
-8.28825 -8.28772
-8.26859 -8.26813
-8.27402 -8.27375
-8.26366 -8.26391
-8.27694 -8.2774
-8.27036 -8.27088
-8.29425 -8.29439
-8.27135 -8.27182
-8.28427 -8.28454
-8.30741 -8.30744
-8.3127 -8.31272
-8.23456 -8.23524
-8.24349 -8.244
-8.24216 -8.24266
-8.2451 -8.2455
-8.24389 -8.24429
-8.26072 -8.26122
-8.34989 -8.35072
-8.36548 -8.3659
-8.36418 -8.36486
-8.36539 -8.36586
-8.36467 -8.36498
-8.34578 -8.34579
-8.33987 -8.33987
-8.34602 -8.34596
-8.35504 -8.35511
-8.35409 -8.35425
-8.36434 -8.3643
-8.3684 -8.36853
-8.37023 -8.37025
-8.36076 -8.3606
-8.31752 -8.31783
-8.31066 -8.31102
-8.31488 -8.3147
-8.31541 -8.31502
-8.32681 -8.32631
-8.33376 -8.33331
-8.35806 -8.35758
-8.35684 -8.35602
-8.34248 -8.34235
-8.34247 -8.34234
-8.34233 -8.34219
-8.30409 -8.30408
-8.30655 -8.30659
-8.30436 -8.30453
-8.30574 -8.30575
-8.31289 -8.31293
-8.3144 -8.31433
-8.34323 -8.34273
-8.34261 -8.34211
-8.33105 -8.33068
-8.32975 -8.32954
-8.30338 -8.30373
-8.31973 -8.32003
-8.31907 -8.3196
-8.27832 -8.2785
-8.29877 -8.29906
-8.30273 -8.30328
-8.24964 -8.2499
-8.26901 -8.26959
-8.25304 -8.25336
-8.26075 -8.2611
-8.25687 -8.25723
-8.246 -8.24633
-8.2647 -8.26491
-8.25423 -8.25478
-8.25624 -8.2568
-8.38159 -8.38207
-8.36879 -8.36931
-8.34014 -8.34073
-8.32288 -8.32201
-8.28716 -8.28625
-8.28707 -8.28616
-8.27986 -8.27896
-8.27253 -8.27183
-8.27372 -8.27301
-8.26949 -8.26876
-8.28315 -8.28231
-8.27759 -8.27661
-8.31227 -8.31186
-8.30786 -8.30813
-8.30678 -8.30704
-8.32434 -8.32458
-8.32031 -8.32078
-8.32046 -8.32093
-8.30869 -8.30919
-8.29662 -8.29702
-8.2621 -8.26311
-8.22069 -8.22149
-8.22017 -8.22098
-8.17363 -8.17372
-8.24176 -8.24152
-8.3326 -8.33266
-8.32396 -8.32404
-8.3087 -8.30872
-8.30769 -8.30769
-8.31643 -8.31635
-8.29623 -8.29686
-8.29249 -8.29279
-8.33147 -8.33132
-8.33182 -8.33181
-8.32704 -8.32706
-8.31243 -8.31242
-8.29309 -8.293
-8.28995 -8.28966
-8.29382 -8.2935
-8.28826 -8.28799
-8.24134 -8.24101
-8.25389 -8.25399
-8.32645 -8.32639
-8.33813 -8.33816
-8.3374 -8.33753
-8.33523 -8.33522
-8.33526 -8.33525
-8.32185 -8.3216
-8.31964 -8.31928
-8.31893 -8.3189
-8.31846 -8.31844
-8.30342 -8.30381
-8.2718 -8.27203
-8.27715 -8.27739
-8.24558 -8.24557
-8.25524 -8.25531
-8.18019 -8.17984
-8.18017 -8.17981
-8.18118 -8.1812
-8.18687 -8.18695
-8.20792 -8.20793
-8.18644 -8.18681
-8.21442 -8.2149
-8.21421 -8.2147
-8.19527 -8.19458
-8.20982 -8.2093
-8.21126 -8.21076
-8.21166 -8.21113
-8.28972 -8.28911
-8.29577 -8.29531
-8.31672 -8.31633
-8.3023 -8.30192
-8.32267 -8.32242
-8.31028 -8.31039
-8.31036 -8.31047
-8.3117 -8.31175
-8.32002 -8.31975
-8.29745 -8.29699
-8.2795 -8.27881
-8.28005 -8.2793
-8.27372 -8.27308
-8.27651 -8.27576
-8.26939 -8.26859
-8.26458 -8.26375
-8.27323 -8.27258
-8.27311 -8.27236
-8.28686 -8.28653
-8.29141 -8.29095
-8.2767 -8.27621
-8.2491 -8.24884
-8.34201 -8.342
-8.35343 -8.3533
-8.31764 -8.31725
-8.3138 -8.31343
-8.32419 -8.32448
-8.32401 -8.32429
-8.31178 -8.31206
-8.31102 -8.31133
-8.35579 -8.35605
-8.3523 -8.35258
-8.34188 -8.34248
-8.34198 -8.34258
-8.34032 -8.34092
-8.33904 -8.33963
-8.34398 -8.34461
-8.34599 -8.34677
-8.3545 -8.35477
-8.35824 -8.35845
-8.36165 -8.36198
-8.35082 -8.35142
-8.35483 -8.35529
-8.3549 -8.35534
-8.35571 -8.35618
-8.36292 -8.3629
-8.35616 -8.35593
-8.34036 -8.34029
-8.33561 -8.33609
-8.31917 -8.3196
-8.31939 -8.31991
-8.30565 -8.3061
-8.28203 -8.2821
-8.30029 -8.30035
-8.30339 -8.30371
-8.3381 -8.33854
-8.33883 -8.33922
-8.33908 -8.33938
-8.35649 -8.35676
-8.35824 -8.35863
-8.33092 -8.33135
-8.32571 -8.32602
-8.32656 -8.32695
-8.33292 -8.33304
-8.33615 -8.33626
-8.32101 -8.32124
-8.33574 -8.33577
-8.33867 -8.33892
-8.33493 -8.33484
-8.34168 -8.34134
-8.33892 -8.3387
-8.34384 -8.34386
-8.29231 -8.29236
-8.28529 -8.28543
-8.21904 -8.21982
-8.22357 -8.22276
-8.2158 -8.21533
-8.21487 -8.21443
-8.20742 -8.20693
-8.20472 -8.20413
-8.20104 -8.2
-8.2714 -8.27149
-8.27171 -8.27186
-8.24892 -8.24962
-8.24489 -8.24446
-8.21569 -8.21599
-8.21359 -8.21394
-8.19054 -8.19107
-8.25161 -8.25176
-8.25548 -8.25559
-8.28763 -8.28781
-8.27301 -8.27316
-8.27555 -8.27568
-8.26762 -8.2676
-8.27708 -8.27726
-8.28996 -8.29017
-8.29022 -8.29044
-8.29486 -8.29513
-8.3041 -8.30381
-8.28728 -8.28699
-8.289 -8.28869
-8.28349 -8.28407
-8.21986 -8.22001
-8.2232 -8.22347
-8.22314 -8.2234
-8.21611 -8.21658
-8.25641 -8.25644
-8.26245 -8.26386
-8.22741 -8.22685
-8.22885 -8.22828
-8.21389 -8.21352
-8.2205 -8.22004
-8.22297 -8.22254
-8.22662 -8.22579
-8.2474 -8.24654
-8.24702 -8.24616
-8.23796 -8.23701
-8.26019 -8.25937
-8.25934 -8.25852
-8.29377 -8.29309
-8.35265 -8.35292
-8.3665 -8.36671
-8.34797 -8.34812
-8.35342 -8.35342
-8.35077 -8.35069
-8.34959 -8.34962
-8.34959 -8.34964
-8.34228 -8.34221
-8.32983 -8.32987
-8.33097 -8.33115
-8.3203 -8.3206
-8.31991 -8.32023
-8.31863 -8.31897
-8.32303 -8.32334
-8.34619 -8.3461
-8.33543 -8.33541
-8.33259 -8.33276
-8.32161 -8.3215
-8.30826 -8.30814
-8.31312 -8.31294
-8.31539 -8.31514
-8.32562 -8.32523
-8.33053 -8.33002
-8.34387 -8.34383
-8.34493 -8.34594
-8.34017 -8.341
-8.28831 -8.28785
-8.28062 -8.27979
-8.28663 -8.28579
-8.2632 -8.2623
-8.28267 -8.28326
-8.25247 -8.25261
-8.28505 -8.28545
-8.25542 -8.25537
-8.26842 -8.26853
-8.2661 -8.26619
-8.24631 -8.24636
-8.31719 -8.31684
-8.31813 -8.3178
-8.33477 -8.3342
-8.34311 -8.34248
-8.34505 -8.34447
-8.34421 -8.34366
-8.34512 -8.34455
-8.35132 -8.35078
-8.35025 -8.3498
-8.38423 -8.38447
-8.38419 -8.38445
-8.38406 -8.38428
-8.38406 -8.38428
-8.38191 -8.38218
-8.38182 -8.38209
-8.37971 -8.37985
-8.37799 -8.37806
-8.37265 -8.37288
-8.35997 -8.36036
-8.33448 -8.33452
-8.3342 -8.33428
-8.25432 -8.25383
-8.251 -8.25052
-8.26182 -8.26163
-8.28396 -8.28378
-8.29071 -8.29056
-8.28731 -8.28714
-8.28696 -8.28679
-8.30802 -8.30777
-8.3072 -8.30715
-8.31003 -8.30997
-8.30349 -8.30338
-8.3001 -8.29996
-8.29948 -8.29933
-8.17278 -8.17291
-8.18445 -8.18456
-8.20221 -8.20182
-8.38418 -8.38447
-8.38409 -8.38442
-8.38409 -8.38441
-8.38409 -8.38441
-8.38162 -8.38192
-8.38202 -8.38217
-8.38151 -8.38164
-8.38035 -8.38029
-8.37416 -8.37419
-8.363 -8.36289
-8.33919 -8.33924
-8.33867 -8.33874
-8.30294 -8.30354
-8.29727 -8.29786
-8.31179 -8.31231
-8.32411 -8.32437
-8.33584 -8.33594
-8.31795 -8.31823
-8.28271 -8.28334
-8.28263 -8.28319
-8.29567 -8.29589
-8.29784 -8.29799
-8.3011 -8.30122
-8.31089 -8.31113
-8.3112 -8.31144
-8.17911 -8.1794
-8.21511 -8.21474
-8.21392 -8.21279
-8.18427 -8.18314
-8.18334 -8.18222
-8.20381 -8.20342
-8.38423 -8.38447
-8.38388 -8.38412
-8.38369 -8.38395
-8.3837 -8.38395
-8.38121 -8.38169
-8.32486 -8.32529
-8.30167 -8.30202
-8.31373 -8.31387
-8.30623 -8.30658
-8.30398 -8.30362
-8.30408 -8.30347
-8.32348 -8.32317
-8.31983 -8.31951
-8.25022 -8.25
-8.20038 -8.19986
-8.19147 -8.19108
-8.18303 -8.18261
-8.21019 -8.21026
-8.21021 -8.21054
-8.25007 -8.24949
-8.29901 -8.29856
-8.29974 -8.29944
-8.31078 -8.31042
-8.3058 -8.3057
-8.30624 -8.30617
-8.29713 -8.29736
-8.28633 -8.28687
-8.28356 -8.28405
-8.27927 -8.27991
-8.38363 -8.38391
-8.38355 -8.38383
-8.38355 -8.3838
-8.38121 -8.38151
-8.3243 -8.32472
-8.29938 -8.29978
-8.30409 -8.30447
-8.29273 -8.29325
-8.29014 -8.29065
-8.29399 -8.29412
-8.31292 -8.31255
-8.30808 -8.30807
-8.24508 -8.24456
-8.2065 -8.2054
-8.20578 -8.20468
-8.19756 -8.1967
-8.24049 -8.24045
-8.24032 -8.23952
-8.24876 -8.24841
-8.27595 -8.27632
-8.27822 -8.27862
-8.28885 -8.28956
-8.2921 -8.29158
-8.29214 -8.29163
-8.33008 -8.32992
-8.33991 -8.34009
-8.30829 -8.30809
-8.38391 -8.38419
-8.38388 -8.38412
-8.38388 -8.38412
-8.38117 -8.3816
-8.32492 -8.3251
-8.30354 -8.30412
-8.30047 -8.30096
-8.29387 -8.2943
-8.29891 -8.29956
-8.30059 -8.30055
-8.3008 -8.30051
-8.29707 -8.29669
-8.22741 -8.22852
-8.18946 -8.18974
-8.19513 -8.19509
-8.18706 -8.18716
-8.19223 -8.19263
-8.19152 -8.19237
-8.18845 -8.1893
-8.22369 -8.22458
-8.24144 -8.24304
-8.24056 -8.24164
-8.24767 -8.24908
-8.235 -8.23614
-8.23879 -8.23988
-8.23828 -8.2394
-8.24608 -8.2474
-8.24907 -8.25067
-8.24589 -8.24707
-8.21637 -8.21745
-8.36727 -8.36727
-8.36922 -8.36931
-8.36948 -8.36952
-8.37016 -8.37027
-8.36795 -8.36795
-8.31478 -8.31428
-8.30673 -8.30729
-8.30811 -8.30865
-8.2977 -8.29853
-8.24859 -8.24824
-8.26177 -8.26145
-8.33779 -8.33761
-8.31689 -8.31726
-8.30472 -8.30514
-8.29968 -8.3001
-8.25942 -8.25998
-8.27257 -8.27287
-8.25646 -8.25679
-8.27723 -8.27757
-8.29543 -8.29559
-8.29508 -8.29522
-8.31616 -8.31629
-8.30691 -8.30713
-8.34064 -8.3406
-8.34611 -8.34561
-8.33904 -8.3391
-8.30112 -8.30151
-8.28064 -8.28105
-8.26998 -8.27066
-8.24941 -8.25021
-8.38423 -8.38447
-8.38419 -8.38445
-8.38406 -8.38428
-8.38406 -8.38428
-8.38191 -8.38218
-8.38182 -8.38209
-8.37971 -8.37985
-8.37799 -8.37806
-8.37265 -8.37288
-8.35997 -8.36036
-8.33448 -8.33452
-8.3342 -8.33428
-8.25432 -8.25383
-8.251 -8.25052
-8.26182 -8.26163
-8.28396 -8.28378
-8.29071 -8.29056
-8.28731 -8.28714
-8.28696 -8.28679
-8.30802 -8.30777
-8.3072 -8.30715
-8.31003 -8.30997
-8.30349 -8.30338
-8.3001 -8.29996
-8.29948 -8.29933
-8.17278 -8.17291
-8.18445 -8.18456
-8.20221 -8.20182
-8.16437 -8.16405
-8.1607 -8.16036
-8.15939 -8.15939
-8.13996 -8.14083
-8.15375 -8.1517
-8.28469 -8.28439
-8.26915 -8.26922
-8.23685 -8.23604
-8.21732 -8.21664
-8.21779 -8.21717
-8.38418 -8.38447
-8.38409 -8.38442
-8.38409 -8.38441
-8.38409 -8.38441
-8.38162 -8.38192
-8.38202 -8.38217
-8.38151 -8.38164
-8.38035 -8.38029
-8.37416 -8.37419
-8.363 -8.36289
-8.33919 -8.33924
-8.33867 -8.33874
-8.30294 -8.30354
-8.29727 -8.29786
-8.31179 -8.31231
-8.32411 -8.32437
-8.33584 -8.33594
-8.31795 -8.31823
-8.28271 -8.28334
-8.28263 -8.28319
-8.29567 -8.29589
-8.29784 -8.29799
-8.3011 -8.30122
-8.31089 -8.31113
-8.3112 -8.31144
-8.17911 -8.1794
-8.21511 -8.21474
-8.21392 -8.21279
-8.18427 -8.18314
-8.18334 -8.18222
-8.20381 -8.20342
-8.24574 -8.24552
-8.25599 -8.25589
-8.22686 -8.22651
-8.21939 -8.21887
-8.24179 -8.24129
-8.21817 -8.2184
-8.22686 -8.22687
-8.24705 -8.24699
-8.33501 -8.33506
-8.32143 -8.32139
-8.38423 -8.38447
-8.38388 -8.38412
-8.38369 -8.38395
-8.3837 -8.38395
-8.38121 -8.38169
-8.32486 -8.32529
-8.30167 -8.30202
-8.31373 -8.31387
-8.30623 -8.30658
-8.30398 -8.30362
-8.30408 -8.30347
-8.32348 -8.32317
-8.31983 -8.31951
-8.25022 -8.25
-8.20038 -8.19986
-8.19147 -8.19108
-8.18303 -8.18261
-8.21019 -8.21026
-8.21021 -8.21054
-8.25007 -8.24949
-8.29901 -8.29856
-8.29974 -8.29944
-8.31078 -8.31042
-8.3058 -8.3057
-8.30624 -8.30617
-8.29713 -8.29736
-8.28633 -8.28687
-8.28356 -8.28405
-8.27927 -8.27991
-8.28903 -8.28961
-8.28054 -8.28095
-8.27214 -8.27246
-8.27992 -8.28032
-8.30651 -8.30646
-8.30065 -8.30035
-8.31484 -8.31423
-8.32607 -8.32551
-8.32158 -8.32101
-8.32543 -8.32484
-8.29369 -8.29295
-8.29839 -8.29769
-8.38363 -8.38391
-8.38355 -8.38383
-8.38355 -8.3838
-8.38121 -8.38151
-8.3243 -8.32472
-8.29938 -8.29978
-8.30409 -8.30447
-8.29273 -8.29325
-8.29014 -8.29065
-8.29399 -8.29412
-8.31292 -8.31255
-8.30808 -8.30807
-8.24508 -8.24456
-8.2065 -8.2054
-8.20578 -8.20468
-8.19756 -8.1967
-8.24049 -8.24045
-8.24032 -8.23952
-8.24876 -8.24841
-8.27595 -8.27632
-8.27822 -8.27862
-8.28885 -8.28956
-8.2921 -8.29158
-8.29214 -8.29163
-8.33008 -8.32992
-8.33991 -8.34009
-8.30829 -8.30809
-8.29365 -8.29358
-8.30217 -8.30235
-8.28736 -8.28761
-8.28477 -8.28506
-8.29968 -8.29976
-8.28712 -8.28799
-8.26009 -8.26054
-8.25065 -8.25046
-8.26211 -8.26184
-8.38391 -8.38419
-8.38388 -8.38412
-8.38388 -8.38412
-8.38117 -8.3816
-8.32492 -8.3251
-8.30354 -8.30412
-8.30047 -8.30096
-8.29387 -8.2943
-8.29891 -8.29956
-8.30059 -8.30055
-8.3008 -8.30051
-8.29707 -8.29669
-8.22741 -8.22852
-8.18946 -8.18974
-8.19513 -8.19509
-8.18706 -8.18716
-8.19223 -8.19263
-8.19152 -8.19237
-8.18845 -8.1893
-8.22369 -8.22458
-8.24144 -8.24304
-8.24056 -8.24164
-8.24767 -8.24908
-8.235 -8.23614
-8.23879 -8.23988
-8.23828 -8.2394
-8.24608 -8.2474
-8.24907 -8.25067
-8.24589 -8.24707
-8.21637 -8.21745
-8.26503 -8.26482
-8.25071 -8.25166
-8.24105 -8.24211
-8.26897 -8.27013
-8.25397 -8.25551
-8.30667 -8.307
-8.28196 -8.28174
-8.28182 -8.28161
-8.27958 -8.27938
-8.36727 -8.36727
-8.36922 -8.36931
-8.36948 -8.36952
-8.37016 -8.37027
-8.36795 -8.36795
-8.31478 -8.31428
-8.30673 -8.30729
-8.30811 -8.30865
-8.2977 -8.29853
-8.24859 -8.24824
-8.26177 -8.26145
-8.33779 -8.33761
-8.31689 -8.31726
-8.30472 -8.30514
-8.29968 -8.3001
-8.25942 -8.25998
-8.27257 -8.27287
-8.25646 -8.25679
-8.27723 -8.27757
-8.29543 -8.29559
-8.29508 -8.29522
-8.31616 -8.31629
-8.30691 -8.30713
-8.34064 -8.3406
-8.34611 -8.34561
-8.33904 -8.3391
-8.30112 -8.30151
-8.28064 -8.28105
-8.26998 -8.27066
-8.24941 -8.25021
-8.24198 -8.2431
-8.24525 -8.2465
-8.32879 -8.32878
-8.32914 -8.32913
-7.95973 -7.95875
-7.95587 -7.95483
-7.95088 -7.94962
-7.94641 -7.94482
-7.94377 -7.94184
-7.94342 -7.94119
-7.94483 -7.94238
-7.94687 -7.94427
-7.94829 -7.94566
-7.94827 -7.94576
-7.94672 -7.94444
-7.9442 -7.9422
-7.94168 -7.9399
-7.94001 -7.93833
-7.93958 -7.93784
-7.94016 -7.93821
-7.94107 -7.93882
-7.94159 -7.93904
-7.94129 -7.93854
-7.94023 -7.93744
-7.93884 -7.93617
-7.93776 -7.93534
-7.93755 -7.93543
-7.93843 -7.93664
-7.94026 -7.93875
-7.94256 -7.9412
-7.94474 -7.94337
-7.94628 -7.94474
-7.94684 -7.9451
-7.94636 -7.94448
-7.94503 -7.94314
-7.94332 -7.94155
-7.94181 -7.94021
-7.94104 -7.93959
-7.94132 -7.93995
-7.94256 -7.9412
-7.94436 -7.94297
-7.94606 -7.94469
-7.9471 -7.94583
-7.94718 -7.94608
-7.94636 -7.94544
-7.94505 -7.9442
-7.94376 -7.94282
-7.94296 -7.94177
-7.94282 -7.9413
-7.89544 -7.89515
-7.89047 -7.89003
-7.88347 -7.88292
-7.87654 -7.87593
-7.87171 -7.87106
-7.87001 -7.86931
-7.87122 -7.87041
-7.87415 -7.87321
-7.87743 -7.8764
-7.8801 -7.87905
-7.88184 -7.88079
-7.88272 -7.8816
-7.88291 -7.88163
-7.88243 -7.881
-7.88128 -7.87979
-7.87957 -7.87817
-7.87765 -7.87643
-7.87605 -7.875
-7.87529 -7.87439
-7.87569 -7.87491
-7.87714 -7.87655
-7.87921 -7.8789
-7.88136 -7.88132
-7.8831 -7.88319
-7.88414 -7.88418
-7.88448 -7.88431
-7.88426 -7.88385
-7.8837 -7.88311
-7.88293 -7.88224
-7.88199 -7.88122
-7.88082 -7.87996
-7.8794 -7.87842
-7.87777 -7.87671
-7.87616 -7.87511
-7.87492 -7.87399
-7.8744 -7.87359
-7.87479 -7.87404
-7.87598 -7.8752
-7.87761 -7.87678
-7.87918 -7.87838
-7.88025 -7.87962
-7.8806 -7.88019
-7.88023 -7.87999
-7.87939 -7.87919
-7.87843 -7.87817
-7.60918 -7.60934
-7.59604 -7.60236
-7.59955 -7.59727
-7.57883 -7.58016
-7.62382 -7.62807
-7.58347 -7.58486
-7.61584 -7.61372
-7.57089 -7.5722
-7.63774 -7.63229
-7.61076 -7.60864
-7.65106 -7.65356
-7.60199 -7.60351
-7.62695 -7.62875
-7.64534 -7.64362
-7.58198 -7.58684
-7.63514 -7.63441
-7.59798 -7.60067
-7.5672 -7.56782
-7.67636 -7.67558
-7.6056 -7.60613
-7.62044 -7.62456
-7.59692 -7.59623
-7.67149 -7.67115
-7.60555 -7.60838
-7.63597 -7.64156
-7.61281 -7.6093
-7.63284 -7.63764
-7.58428 -7.5869
-7.63802 -7.64277
-7.63596 -7.63174
-7.64098 -7.64042
-7.57043 -7.5715
-7.64778 -7.64859
-7.66785 -7.66281
-7.59286 -7.59291
-7.63278 -7.63088
-7.59555 -7.59202
-7.63734 -7.64063
-7.57253 -7.57223
-7.62393 -7.62858
-7.62235 -7.62168
-7.65246 -7.65703
-7.61545 -7.61654
-7.93658 -7.93731
-7.92984 -7.93
-7.92122 -7.92073
-7.91426 -7.91323
-7.91164 -7.9103
-7.91396 -7.9126
-7.91962 -7.91851
-7.92569 -7.92503
-7.92928 -7.92915
-7.9288 -7.92914
-7.92454 -7.9252
-7.91845 -7.91924
-7.91312 -7.91392
-7.91065 -7.91144
-7.91179 -7.91262
-7.9157 -7.91669
-7.92053 -7.92176
-7.92432 -7.92578
-7.92587 -7.92745
-7.92514 -7.92663
-7.92312 -7.92432
-7.9212 -7.92196
-7.92043 -7.92069
-7.92104 -7.92082
-7.92248 -7.92188
-7.92391 -7.92303
-7.92466 -7.92362
-7.92461 -7.92348
-7.92414 -7.92291
-7.92376 -7.92242
-7.92382 -7.92234
-7.92428 -7.92272
-7.92483 -7.92334
-7.92515 -7.92395
-7.92501 -7.92431
-7.92435 -7.92426
-7.92321 -7.92371
-7.92178 -7.92275
-7.92035 -7.92159
-7.91927 -7.92058
-7.91882 -7.92006
-7.91909 -7.92017
-7.9199 -7.92074
-7.92081 -7.92139
-7.9213 -7.92163
-7.60555 -7.60267
-7.44731 -7.4353
-7.39593 -7.3868
-7.4232 -7.41852
-7.4383 -7.42953
-7.39477 -7.38648
-7.40256 -7.39914
-7.45163 -7.44702
-7.45876 -7.45209
-7.44446 -7.44078
-7.42321 -7.4169
-7.38866 -7.38781
-7.47431 -7.47923
-7.34317 -7.3366
-7.31551 -7.30499
-7.383 -7.37506
-7.35701 -7.34676
-7.36289 -7.3604
-7.33995 -7.33928
-7.32159 -7.31477
-7.38385 -7.38288
-7.37684 -7.37451
-7.27738 -7.2656
-7.34831 -7.34412
-8.1752 -8.17412
-8.15421 -8.15356
-8.158 -8.15724
-8.17169 -8.16821
-8.17082 -8.16754
-8.15818 -8.1554
-8.17296 -8.16906
-8.1832 -8.18051
-8.18163 -8.17794
-8.168 -8.16761
-8.17135 -8.16944
-8.17751 -8.17588
-8.1699 -8.1662
-8.16738 -8.16319
-8.15868 -8.15513
-8.30981 -8.30978
-8.2741 -8.2732
-8.28713 -8.2864
-8.28633 -8.28602
-8.2939 -8.29348
-8.29282 -8.29199
-8.28468 -8.28386
-8.27148 -8.271
-8.2927 -8.29231
-8.29045 -8.29026
-8.29117 -8.29125
-8.29109 -8.29112
-8.28463 -8.28507
-8.28513 -8.28489
-8.29326 -8.29242
-8.30946 -8.30948
-8.27504 -8.2749
-8.28613 -8.28558
-8.28335 -8.28309
-8.29618 -8.29592
-8.28726 -8.2864
-8.28566 -8.28519
-8.28187 -8.28144
-8.29362 -8.29347
-8.28911 -8.28904
-8.31118 -8.31108
-8.27579 -8.27524
-8.28065 -8.27991
-8.28542 -8.28493
-8.293 -8.29264
-8.2918 -8.2914
-8.29097 -8.29012
-8.28143 -8.28054
-8.28382 -8.28352
-8.29155 -8.29107
-8.31121 -8.31125
-8.27228 -8.27194
-8.2849 -8.28434
-8.28854 -8.28824
-8.29299 -8.29258
-8.2905 -8.28988
-8.28944 -8.28918
-8.2823 -8.28222
-8.28879 -8.28859
-8.28919 -8.28908
-8.28381 -8.28349
-8.29383 -8.2936
-8.28803 -8.28817
-8.28527 -8.28499
-8.2854 -8.28483
-8.29042 -8.29001
-8.29487 -8.29475
-8.28962 -8.28974
-8.28688 -8.28683
-8.28676 -8.28663
-8.2913 -8.29141
-8.29159 -8.29153
-8.28774 -8.28771
-8.28325 -8.28324
-8.28808 -8.2881
-8.29918 -8.29891
-8.29152 -8.29118
-8.28399 -8.28376
-8.28992 -8.28957
-8.29297 -8.29243
-8.28405 -8.28353
-8.29266 -8.29223
-8.29185 -8.29133
-8.28305 -8.28281
-8.29178 -8.29167
-8.29789 -8.29762
-8.29256 -8.29244
-8.28363 -8.28316
-8.28684 -8.28652
-8.2879 -8.28772
-8.28611 -8.28546
-8.28852 -8.28784
-8.2884 -8.28812
-8.2853 -8.28503
-8.29227 -8.29204
-8.31021 -8.3101
-8.26419 -8.26382
-8.27722 -8.27648
-8.28854 -8.28789
-8.29585 -8.29558
-8.28914 -8.28874
-8.28202 -8.28144
-8.28069 -8.28008
-8.29484 -8.2944
-8.28633 -8.28575
-8.28447 -8.28362
-8.29711 -8.29683
-8.28266 -8.28256
-8.28594 -8.28555
-8.28998 -8.28971
-8.29797 -8.29776
-8.28886 -8.28849
-8.28428 -8.28403
-8.28153 -8.28145
-8.2907 -8.29043
-8.30174 -8.30136
-8.28752 -8.2873
-8.28528 -8.28487
-8.28345 -8.28301
-8.28662 -8.2861
-8.29322 -8.29295
-8.28591 -8.28563
-8.27594 -8.27549
-8.2921 -8.29181
-8.29061 -8.28962
-8.28925 -8.28883
-8.28835 -8.28843
-8.28428 -8.28381
-8.28291 -8.28245
-8.29153 -8.29106
-8.28902 -8.28884
-8.28688 -8.28643
-8.28612 -8.28566
-8.28899 -8.2891
-8.29198 -8.29201
-8.31059 -8.31061
-8.2762 -8.27596
-8.28322 -8.28305
-8.2774 -8.27753
-8.28698 -8.28705
-8.29542 -8.29505
-8.29332 -8.29284
-8.2805 -8.28016
-8.28966 -8.28945
-8.28323 -8.28253
-8.28667 -8.28619
-8.29267 -8.29247
-8.28286 -8.2824
-8.28917 -8.28872
-8.29421 -8.29398
-8.29422 -8.29384
-8.28786 -8.28749
-8.28067 -8.28058
-8.2841 -8.28412
-8.29452 -8.29454
-8.28878 -8.28836
-8.28716 -8.28664
-8.28517 -8.28493
-8.28876 -8.28876
-8.28393 -8.28387
-8.28541 -8.28542
-8.28955 -8.28938
-8.29471 -8.29458
-8.28991 -8.28969
-8.28731 -8.28684
-8.28613 -8.28549
-8.28486 -8.28428
-8.28792 -8.28742
-8.28657 -8.28641
-8.2829 -8.28273
-8.28856 -8.28821
-8.29751 -8.29758
-8.28858 -8.28837
-8.28798 -8.28762
-8.28708 -8.28678
-8.28604 -8.28572
-8.17134 -8.17175
-8.23599 -8.2356
-8.24627 -8.24693
-8.24576 -8.2457
-8.22832 -8.22764
-8.24556 -8.24531
-8.22743 -8.22729
-8.24523 -8.24626
-8.22845 -8.22908
-8.23781 -8.23765
-8.24224 -8.24206
-8.21319 -8.21292
-8.25249 -8.2521
-8.23914 -8.23939
-8.21508 -8.21422
-8.24819 -8.24803
-8.24688 -8.24649
-8.22616 -8.22457
-8.22792 -8.22789
-8.23993 -8.23962
-8.24692 -8.24463
-8.23475 -8.23404
-8.23632 -8.23584
-8.23815 -8.23702
-8.22876 -8.22835
-8.24279 -8.24256
-8.23983 -8.23903
-8.22936 -8.22788
-8.24359 -8.24304
-8.23815 -8.23827
-8.24089 -8.24035
-8.23346 -8.23322
-8.24059 -8.24115
-8.23431 -8.23397
-8.24484 -8.24437
-8.21649 -8.21593
-8.23759 -8.23779
-8.24699 -8.24619
-8.23289 -8.23244
-8.29105 -8.29011
-8.23026 -8.22545
-8.23165 -8.23105
-8.23693 -8.23511
-8.23104 -8.23125
-8.20118 -8.20137
-8.23774 -8.2398
-8.22532 -8.22447
-8.26697 -8.26627
-8.24324 -8.24114
