 W     Lattice_Constants: 3.185 A
       Coherent Energy: -8.3843 eV
 W     C11:  518.56 GPa
       C12:  200.75 GPa
       C14:  144.53 GPa
       B:  306.69 GPa
 W     Formation_Energy_Vacancy: 3.2821 eV
 W     Migration_Energy_Vacancy: 1.7500 eV
 W     1th Formation_Energy_Divacancies: 6.3915 eV
 W     2th Formation_Energy_Divacancies: 6.7652 eV
 W     3th Formation_Energy_Divacancies: 6.6872 eV
 W     (1, 1, 0) Surface_Energy: 204.7438 meV/A^2
 W     (0, 0, 1) Surface_Energy: 251.5796 meV/A^2
 W     (1, 1, 1) Surface_Energy: 223.1605 meV/A^2
 W     (1, 1, 2) Surface_Energy: 216.7354 meV/A^2
 W      (-1, 1, 1) Stacking_Fault: 116.2307 meV/A^2
 W      (1, 1, -1) Stacking_Fault: 104.3879 meV/A^2
 W     (0.5, 0.5, 0.5) Formation_Energy_Sia: 10.87 eV
 W     (1, 0, 0) Formation_Energy_Sia: 12.15 eV
 W     (1, 1, 0) Formation_Energy_Sia: 11.09 eV
 W     octahedral Formation_Energy: 12.5045 eV
 W     tetrahedral Formation_Energy: 12.0035 eV
