 W      Lattice_Constants: 3.1400 A
        Coherent Energy: -8.9000 eV
 W      C11:  522.14 GPa
        C12:  204.36 GPa
        C14:  160.83 GPa
        B:    310.29 GPa
 W      (0.5, 0.5, 0.5) Formation_Energy_Sia: 10.37 eV
 W      (1, 0, 0) Formation_Energy_Sia: 12.89 eV
 W      (1, 1, 0) Formation_Energy_Sia: 10.77 eV
 W      octahedral Formation_Energy: 12.6582 eV
 W      tetrahedral Formation_Energy: 11.9313 eV
 W      Formation_Energy_Vacancy: 3.4856 eV
 W      Migration_Energy_Vacancy: 1.8559 eV
 W      1th Formation_Energy_Divacancies: 6.4803 eV
 W      2th Formation_Energy_Divacancies: 6.5968 eV
 W      3th Formation_Energy_Divacancies: 7.0324 eV
 W      4th Formation_Energy_Divacancies: 6.9645 eV
 W      5th Formation_Energy_Divacancies: 6.9875 eV
 W      (1, 1, 0) Surface_Energy: 144.3716 meV/A^2
 W      (0, 0, 1) Surface_Energy: 170.3560 meV/A^2
 W      (1, 1, 1) Surface_Energy: 185.5209 meV/A^2
 W      (1, 1, 2) Surface_Energy: 172.7497 meV/A^2
 W      [1, 1, 2] Stacking_Fault: 105.9554 meV/A^2
 W      [1, 1, 0] Stacking_Fault: 129.5036 meV/A^2
