 V         Lattice_Constants: 2.9970 A
           Ground_State_Energy: -8.9915 eV
 V         C11:  281.68 GPa
           C12:  153.16 GPa
           C13:  153.16 GPa
           C33:  281.68 GPa
           C44:   22.41 GPa
           C66:   22.41 GPa
 V         Formation_Energy_Vacancy: 2.5920 eV
 V         Migration_Energy_(V-Vacancy): 0.5316 eV
 Nb        Lattice_Constants: 3.3080 A
           Ground_State_Energy: -10.2170 eV
 Nb        C11:  240.49 GPa
           C12:  131.71 GPa
           C13:  131.71 GPa
           C33:  240.49 GPa
           C44:   12.34 GPa
           C66:   12.34 GPa
 Nb        Formation_Energy_Vacancy: 2.8217 eV
 Nb        Migration_Energy_(Nb-Vacancy): 0.6805 eV
 Mo        Lattice_Constants: 3.1640 A
           Ground_State_Energy: -10.9367 eV
 Mo        C11:  471.93 GPa
           C12:  155.73 GPa
           C13:  155.73 GPa
           C33:  471.93 GPa
           C44:  107.38 GPa
           C66:  107.38 GPa
 Mo        Formation_Energy_Vacancy: 2.7948 eV
 Mo        Migration_Energy_(Mo-Vacancy): 1.4436 eV
 Ta        Lattice_Constants: 3.3200 A
           Ground_State_Energy: -11.8115 eV
 Ta        C11:  253.71 GPa
           C12:  161.18 GPa
           C13:  161.18 GPa
           C33:  253.71 GPa
           C44:   71.20 GPa
           C66:   71.20 GPa
 Ta        Formation_Energy_Vacancy: 2.9669 eV
 Ta        Migration_Energy_(Ta-Vacancy): 0.8662 eV
 W         Lattice_Constants: 3.1860 A
           Ground_State_Energy: -12.9560 eV
 W         C11:  527.46 GPa
           C12:  200.21 GPa
           C13:  200.21 GPa
           C33:  527.46 GPa
           C44:  148.35 GPa
           C66:  148.35 GPa
 W         Formation_Energy_Vacancy: 3.2435 eV
 W         Migration_Energy_(W-Vacancy): 2.0498 eV

 VNbMoTaW  Isolated_Atom_Energies (eV):
   V  Atom Energy: -3.6090 eV
   Nb Atom Energy: -3.2257 eV
   Mo Atom Energy: -4.6525 eV
   Ta Atom Energy: -3.6968 eV
   W  Atom Energy: -4.5773 eV
 VNbMoTaW  Lattice_Constants: 9.5850 A
           Ground_State_Energy: -10.9930 eV
 VNbMoTaW  C11:  358.68 GPa
           C12:  146.69 GPa
           C13:  146.61 GPa
           C33:  360.46 GPa
           C44:   44.62 GPa
           C66:   45.51 GPa
 VNbMoTaW  Formation_Energy_Vacancy: 1.3299 eV
