 W      Atom_Energy: -4.6103 eV
 W      Lattice_Constants: 3.1850 A
        Coherent Energy: -12.9552 eV
 W      C11:  526.14 GPa
        C12:  199.03 GPa
        C14:  142.71 GPa
        B:    308.06 GPa
 W      Formation_Energy_Vacancy: 3.2254 eV
 W      Migration_Energy_Vacancy: 2.0274 eV
 W      1th Formation_Energy_Divacancies: 6.1488 eV
 W      2th Formation_Energy_Divacancies: 6.5469 eV
 W      3th Formation_Energy_Divacancies: 6.4887 eV
 W      (1, 1, 0) Surface_Energy: 203.6479 meV/A^2
 W      (0, 0, 1) Surface_Energy: 250.3950 meV/A^2
 W      (1, 1, 1) Surface_Energy: 225.1250 meV/A^2
 W      (1, 1, 2) Surface_Energy: 215.9990 meV/A^2
 W      [1, 1, 2] Stacking_Fault: 159.8724 meV/A^2
 W      [1, 1, 0] Stacking_Fault: 105.7244 meV/A^2
 W      (0.5, 0.5, 0.5) Formation_Energy_Sia: 10.87 eV
 W      (1, 0, 0) Formation_Energy_Sia: 12.33 eV
 W      (1, 1, 0) Formation_Energy_Sia: 11.2 eV
 W      octahedral Formation_Energy: 12.4826 eV
 W      tetrahedral Formation_Energy: 12.0856 eV
