 Ag     Lattice_Constants: 4.0890 A
        Coherent Energy: -2.8500 eV
 Ag     C11:  124.83 GPa
        C12:   93.85 GPa
        C14:   46.25 GPa
        B:    104.17 GPa
 Ag     Formation_Energy_Vacancy: 1.0964 eV
 Ag     1th Formation_Energy_Divacancies: 2.0716 eV
 Ag     2th Formation_Energy_Divacancies: 2.1726 eV
 Ag     3th Formation_Energy_Divacancies: 2.2049 eV
 Ag     4th Formation_Energy_Divacancies: 2.2027 eV
 Ag     5th Formation_Energy_Divacancies: 2.1874 eV
 Ag     (1, 1, 0) Surface_Energy: 67.9099 meV/A^2
 Ag     (0, 0, 1) Surface_Energy: 61.2804 meV/A^2
 Ag     (1, 1, 1) Surface_Energy: 56.7540 meV/A^2
 Ag     (1, 1, 2) Surface_Energy: 65.9277 meV/A^2
 Al     Lattice_Constants: 4.0500 A
        Coherent Energy: -3.5800 eV
 Al     C11:  104.98 GPa
        C12:   60.01 GPa
        C14:   28.18 GPa
        B:     75.00 GPa
 Al     Formation_Energy_Vacancy: 0.6536 eV
 Al     1th Formation_Energy_Divacancies: 1.2373 eV
 Al     2th Formation_Energy_Divacancies: 1.2744 eV
 Al     3th Formation_Energy_Divacancies: 1.3178 eV
 Al     4th Formation_Energy_Divacancies: 1.3273 eV
 Al     5th Formation_Energy_Divacancies: 1.3011 eV
 Al     (1, 1, 0) Surface_Energy: 64.5766 meV/A^2
 Al     (0, 0, 1) Surface_Energy: 57.7148 meV/A^2
 Al     (1, 1, 1) Surface_Energy: 56.8595 meV/A^2
 Al     (1, 1, 2) Surface_Energy: 64.1231 meV/A^2
 Au     Lattice_Constants: 4.0800 A
        Coherent Energy: -3.9300 eV
 Au     C11:  186.49 GPa
        C12:  157.47 GPa
        C14:   42.12 GPa
        B:    167.15 GPa
 Au     Formation_Energy_Vacancy: 0.9934 eV
 Au     1th Formation_Energy_Divacancies: 1.9117 eV
 Au     2th Formation_Energy_Divacancies: 1.9915 eV
 Au     3th Formation_Energy_Divacancies: 2.0057 eV
 Au     4th Formation_Energy_Divacancies: 1.9966 eV
 Au     5th Formation_Energy_Divacancies: 1.9782 eV
 Au     (1, 1, 0) Surface_Energy: 69.4163 meV/A^2
 Au     (0, 0, 1) Surface_Energy: 63.4159 meV/A^2
 Au     (1, 1, 1) Surface_Energy: 56.3912 meV/A^2
 Au     (1, 1, 2) Surface_Energy: 66.0891 meV/A^2
 Cu     Lattice_Constants: 3.6150 A
        Coherent Energy: -3.5400 eV
 Cu     C11:  169.99 GPa
        C12:  121.84 GPa
        C14:   75.73 GPa
        B:    137.89 GPa
 Cu     Formation_Energy_Vacancy: 1.2770 eV
 Cu     1th Formation_Energy_Divacancies: 2.3934 eV
 Cu     2th Formation_Energy_Divacancies: 2.5070 eV
 Cu     3th Formation_Energy_Divacancies: 2.5642 eV
 Cu     4th Formation_Energy_Divacancies: 2.5687 eV
 Cu     5th Formation_Energy_Divacancies: 2.5448 eV
 Cu     (1, 1, 0) Surface_Energy: 109.3861 meV/A^2
 Cu     (0, 0, 1) Surface_Energy: 98.1006 meV/A^2
 Cu     (1, 1, 1) Surface_Energy: 94.1616 meV/A^2
 Cu     (1, 1, 2) Surface_Energy: 107.5197 meV/A^2
 Ni     Lattice_Constants: 3.5190 A
        Coherent Energy: -4.4500 eV
 Ni     C11:  244.82 GPa
        C12:  147.20 GPa
        C14:  124.69 GPa
        B:    179.74 GPa
 Ni     Formation_Energy_Vacancy: 1.7039 eV
 Ni     1th Formation_Energy_Divacancies: 3.1925 eV
 Ni     2th Formation_Energy_Divacancies: 3.3368 eV
 Ni     3th Formation_Energy_Divacancies: 3.3992 eV
 Ni     4th Formation_Energy_Divacancies: 3.4158 eV
 Ni     5th Formation_Energy_Divacancies: 3.3998 eV
 Ni     (1, 1, 0) Surface_Energy: 129.2862 meV/A^2
 Ni     (0, 0, 1) Surface_Energy: 117.3272 meV/A^2
 Ni     (1, 1, 1) Surface_Energy: 111.6778 meV/A^2
 Ni     (1, 1, 2) Surface_Energy: 127.7051 meV/A^2
 Pb     Lattice_Constants: 4.9490 A
        Coherent Energy: -2.0200 eV
 Pb     C11:   49.57 GPa
        C12:   42.34 GPa
        C14:   14.96 GPa
        B:     44.75 GPa
 Pb     Formation_Energy_Vacancy: 0.5904 eV
 Pb     1th Formation_Energy_Divacancies: 1.1256 eV
 Pb     2th Formation_Energy_Divacancies: 1.1764 eV
 Pb     3th Formation_Energy_Divacancies: 1.1893 eV
 Pb     4th Formation_Energy_Divacancies: 1.1865 eV
 Pb     5th Formation_Energy_Divacancies: 1.1775 eV
 Pb     (1, 1, 0) Surface_Energy: 26.4758 meV/A^2
 Pb     (0, 0, 1) Surface_Energy: 24.0766 meV/A^2
 Pb     (1, 1, 1) Surface_Energy: 21.7126 meV/A^2
 Pb     (1, 1, 2) Surface_Energy: 25.3877 meV/A^2
 Pd     Lattice_Constants: 3.8900 A
        Coherent Energy: -3.9100 eV
 Pd     C11:  233.04 GPa
        C12:  175.75 GPa
        C14:   71.25 GPa
        B:    194.85 GPa
 Pd     Formation_Energy_Vacancy: 1.5495 eV
 Pd     1th Formation_Energy_Divacancies: 2.9441 eV
 Pd     2th Formation_Energy_Divacancies: 3.0742 eV
 Pd     3th Formation_Energy_Divacancies: 3.1186 eV
 Pd     4th Formation_Energy_Divacancies: 3.1157 eV
 Pd     5th Formation_Energy_Divacancies: 3.0903 eV
 Pd     (1, 1, 0) Surface_Energy: 112.4558 meV/A^2
 Pd     (0, 0, 1) Surface_Energy: 102.0180 meV/A^2
 Pd     (1, 1, 1) Surface_Energy: 94.8473 meV/A^2
 Pd     (1, 1, 2) Surface_Energy: 109.5440 meV/A^2
 Pt     Lattice_Constants: 3.9200 A
        Coherent Energy: -5.7700 eV
 Pt     C11:  342.68 GPa
        C12:  250.17 GPa
        C14:   76.13 GPa
        B:    281.01 GPa
 Pt     Formation_Energy_Vacancy: 1.5388 eV
 Pt     1th Formation_Energy_Divacancies: 2.9906 eV
 Pt     2th Formation_Energy_Divacancies: 3.0474 eV
 Pt     3th Formation_Energy_Divacancies: 3.1065 eV
 Pt     4th Formation_Energy_Divacancies: 3.1125 eV
 Pt     5th Formation_Energy_Divacancies: 3.0645 eV
 Pt     (1, 1, 0) Surface_Energy: 150.0133 meV/A^2
 Pt     (0, 0, 1) Surface_Energy: 136.2845 meV/A^2
 Pt     (1, 1, 1) Surface_Energy: 130.0537 meV/A^2
 Pt     (1, 1, 2) Surface_Energy: 147.8357 meV/A^2
 Cr     Lattice_Constants: 2.8550 A
        Coherent Energy: -4.1852 eV
 Cr     C11:  302.50 GPa
        C12:  136.68 GPa
        C14:  122.74 GPa
        B:    191.96 GPa
 Cr     Formation_Energy_Vacancy: 2.0570 eV
 Cr     1th Formation_Energy_Divacancies: 3.8591 eV
 Cr     2th Formation_Energy_Divacancies: 3.8281 eV
 Cr     3th Formation_Energy_Divacancies: 4.1316 eV
 Cr     4th Formation_Energy_Divacancies: 4.0782 eV
 Cr     5th Formation_Energy_Divacancies: 4.1213 eV
 Cr     (1, 1, 0) Surface_Energy: 105.7308 meV/A^2
 Cr     (0, 0, 1) Surface_Energy: 115.0745 meV/A^2
 Cr     (1, 1, 1) Surface_Energy: 131.8329 meV/A^2
 Cr     (1, 1, 2) Surface_Energy: 121.1265 meV/A^2
 Mo     Lattice_Constants: 3.1500 A
        Coherent Energy: -6.8100 eV
 Mo     C11:  450.49 GPa
        C12:  167.02 GPa
        C14:  113.18 GPa
        B:    261.51 GPa
 Mo     Formation_Energy_Vacancy: 2.9544 eV
 Mo     1th Formation_Energy_Divacancies: 5.6111 eV
 Mo     2th Formation_Energy_Divacancies: 5.5426 eV
 Mo     3th Formation_Energy_Divacancies: 5.9616 eV
 Mo     4th Formation_Energy_Divacancies: 5.8502 eV
 Mo     5th Formation_Energy_Divacancies: 5.9341 eV
 Mo     (1, 1, 0) Surface_Energy: 134.5828 meV/A^2
 Mo     (0, 0, 1) Surface_Energy: 154.6753 meV/A^2
 Mo     (1, 1, 1) Surface_Energy: 173.0758 meV/A^2
 Mo     (1, 1, 2) Surface_Energy: 158.3390 meV/A^2
 Ta     Lattice_Constants: 3.3030 A
        Coherent Energy: -8.0900 eV
 Ta     C11:  261.27 GPa
        C12:  158.08 GPa
        C14:   82.31 GPa
        B:    192.48 GPa
 Ta     Formation_Energy_Vacancy: 2.9742 eV
 Ta     1th Formation_Energy_Divacancies: 5.6125 eV
 Ta     2th Formation_Energy_Divacancies: 5.6424 eV
 Ta     3th Formation_Energy_Divacancies: 6.0165 eV
 Ta     4th Formation_Energy_Divacancies: 5.9274 eV
 Ta     5th Formation_Energy_Divacancies: 5.9724 eV
 Ta     (1, 1, 0) Surface_Energy: 124.5288 meV/A^2
 Ta     (0, 0, 1) Surface_Energy: 147.1729 meV/A^2
 Ta     (1, 1, 1) Surface_Energy: 161.5933 meV/A^2
 Ta     (1, 1, 2) Surface_Energy: 149.1326 meV/A^2
 V      Lattice_Constants: 3.0280 A
        Coherent Energy: -5.3100 eV
 V      C11:  229.32 GPa
        C12:  119.53 GPa
        C14:   45.85 GPa
        B:    156.13 GPa
 V      Formation_Energy_Vacancy: 2.1401 eV
 V      1th Formation_Energy_Divacancies: 4.0086 eV
 V      2th Formation_Energy_Divacancies: 4.0287 eV
 V      3th Formation_Energy_Divacancies: 4.3071 eV
 V      4th Formation_Energy_Divacancies: 4.2751 eV
 V      5th Formation_Energy_Divacancies: 4.2892 eV
 V      (1, 1, 0) Surface_Energy: 103.3464 meV/A^2
 V      (0, 0, 1) Surface_Energy: 119.3509 meV/A^2
 V      (1, 1, 1) Surface_Energy: 133.2717 meV/A^2
 V      (1, 1, 2) Surface_Energy: 124.5485 meV/A^2
 W      Lattice_Constants: 3.1650 A
        Coherent Energy: -8.7600 eV
 W      C11:  516.05 GPa
        C12:  204.74 GPa
        C14:  160.86 GPa
        B:    308.51 GPa
 W      Formation_Energy_Vacancy: 3.5770 eV
 W      1th Formation_Energy_Divacancies: 6.7851 eV
 W      2th Formation_Energy_Divacancies: 6.6984 eV
 W      3th Formation_Energy_Divacancies: 7.2169 eV
 W      4th Formation_Energy_Divacancies: 7.0740 eV
 W      5th Formation_Energy_Divacancies: 7.1832 eV
 W      (1, 1, 0) Surface_Energy: 160.5998 meV/A^2
 W      (0, 0, 1) Surface_Energy: 186.4938 meV/A^2
 W      (1, 1, 1) Surface_Energy: 207.6939 meV/A^2
 W      (1, 1, 2) Surface_Energy: 189.2183 meV/A^2
 Mg     Lattice_Constants: a: 3.2027 A    c: 5.1985 A
        Coherent Energy: -1.5500 eV
 Mg     C11:   54.41 GPa
        C12:   70.11 GPa
        C14:   29.58 GPa
        B:     64.88 GPa
 Mg     Formation_Energy_Vacancy: 0.6495 eV
 Mg     1th Formation_Energy_Divacancies: 1.2166 eV
 Mg     2th Formation_Energy_Divacancies: 1.2157 eV
 Mg     3th Formation_Energy_Divacancies: 1.2843 eV
 Mg     4th Formation_Energy_Divacancies: 1.2983 eV
 Mg     5th Formation_Energy_Divacancies: 1.2997 eV
 Mg     (1, 1, 0) Surface_Energy: 28.2350 meV/A^2
 Mg     (0, 0, 1) Surface_Energy: 23.3758 meV/A^2
 Mg     (1, 1, 1) Surface_Energy: 29.4982 meV/A^2
 Mg     (1, 1, 2) Surface_Energy: 28.2173 meV/A^2
 Ti     Lattice_Constants: a: 2.9649 A    c: 4.7048 A
        Coherent Energy: -4.8678 eV
 Ti     C11:  138.21 GPa
        C12:  209.03 GPa
        C14:   82.18 GPa
        B:    185.43 GPa
 Ti     Formation_Energy_Vacancy: 1.6348 eV
 Ti     1th Formation_Energy_Divacancies: 3.0871 eV
 Ti     2th Formation_Energy_Divacancies: 3.0740 eV
 Ti     3th Formation_Energy_Divacancies: 3.2188 eV
 Ti     4th Formation_Energy_Divacancies: 3.2649 eV
 Ti     5th Formation_Energy_Divacancies: 3.2676 eV
 Ti     (1, 1, 0) Surface_Energy: 94.7643 meV/A^2
 Ti     (0, 0, 1) Surface_Energy: 77.1119 meV/A^2
 Ti     (1, 1, 1) Surface_Energy: 98.8848 meV/A^2
 Ti     (1, 1, 2) Surface_Energy: 94.6749 meV/A^2
 Zr     Lattice_Constants: a: 3.2302 A    c: 5.1414 A
        Coherent Energy: -6.3584 eV
 Zr     C11:  124.42 GPa
        C12:  184.87 GPa
        C14:   77.95 GPa
        B:    164.72 GPa
 Zr     Formation_Energy_Vacancy: 1.8380 eV
 Zr     1th Formation_Energy_Divacancies: 3.4825 eV
 Zr     2th Formation_Energy_Divacancies: 3.4694 eV
 Zr     3th Formation_Energy_Divacancies: 3.6225 eV
 Zr     4th Formation_Energy_Divacancies: 3.6745 eV
 Zr     5th Formation_Energy_Divacancies: 3.6779 eV
 Zr     (1, 1, 0) Surface_Energy: 94.1168 meV/A^2
 Zr     (0, 0, 1) Surface_Energy: 77.2457 meV/A^2
 Zr     (1, 1, 1) Surface_Energy: 98.1056 meV/A^2
 Zr     (1, 1, 2) Surface_Energy: 93.9128 meV/A^2
